2021-03-02 00:08:34,998:INFO: Loading the datasets...
2021-03-02 00:08:35,010:INFO: model...
2021-03-02 00:08:53,299:INFO: Loading the datasets...
2021-03-02 00:08:53,299:INFO: model...
2021-03-02 00:09:55,234:INFO: Loading the datasets...
2021-03-02 00:09:55,234:INFO: model...
2021-03-02 00:11:21,284:INFO: Loading the datasets...
2021-03-02 00:11:21,285:INFO: model...
2021-03-02 00:11:49,976:INFO: Loading the datasets...
2021-03-02 00:11:49,976:INFO: model...
2021-03-02 00:11:49,979:INFO: Starting training for 20 epoch(s)
2021-03-02 00:13:47,650:INFO: Loading the datasets...
2021-03-02 00:13:47,650:INFO: model...
2021-03-02 00:13:47,653:INFO: Starting training for 20 epoch(s)
2021-03-02 00:13:47,993:INFO: co-RMS-loss: 1217.86
2021-03-02 00:13:47,994:INFO: co-RMS-loss: 1217.86
2021-03-02 00:13:47,995:INFO: co-RMS-loss: 1217.86
2021-03-02 00:13:47,996:INFO: co-RMS-loss: 1217.86
2021-03-02 00:13:47,997:INFO: co-RMS-loss: 1217.86
2021-03-02 00:13:47,999:INFO: co-RMS-loss: 1217.86
2021-03-02 00:13:48,000:INFO: co-RMS-loss: 1217.86
2021-03-02 00:13:48,002:INFO: co-RMS-loss: 1217.86
2021-03-02 00:13:48,003:INFO: co-RMS-loss: 1217.86
2021-03-02 00:13:48,004:INFO: co-RMS-loss: 1217.86
2021-03-02 00:13:48,006:INFO: co-RMS-loss: 1217.86
2021-03-02 00:13:48,008:INFO: co-RMS-loss: 1217.86
2021-03-02 00:13:48,009:INFO: co-RMS-loss: 1217.86
2021-03-02 00:13:48,010:INFO: co-RMS-loss: 1217.86
2021-03-02 00:13:48,011:INFO: co-RMS-loss: 1217.86
2021-03-02 00:13:48,012:INFO: co-RMS-loss: 1217.86
2021-03-02 00:13:48,013:INFO: co-RMS-loss: 1217.86
2021-03-02 00:13:48,014:INFO: co-RMS-loss: 1217.86
2021-03-02 00:13:48,015:INFO: co-RMS-loss: 1217.86
2021-03-02 00:13:48,017:INFO: co-RMS-loss: 1217.86
2021-03-02 00:17:03,814:INFO: Loading the datasets...
2021-03-02 00:17:03,814:INFO: model...
2021-03-02 00:17:03,817:INFO: Starting training for 20 epoch(s)
2021-03-02 00:17:03,821:INFO: co-RMS-loss: 1217.86
2021-03-02 00:17:03,822:INFO: co-RMS-loss: 1217.86
2021-03-02 00:17:03,823:INFO: co-RMS-loss: 1217.86
2021-03-02 00:17:03,825:INFO: co-RMS-loss: 1217.86
2021-03-02 00:17:03,828:INFO: co-RMS-loss: 1217.86
2021-03-02 00:17:03,829:INFO: co-RMS-loss: 1217.86
2021-03-02 00:17:03,830:INFO: co-RMS-loss: 1217.86
2021-03-02 00:17:03,832:INFO: co-RMS-loss: 1217.86
2021-03-02 00:17:03,836:INFO: co-RMS-loss: 1217.86
2021-03-02 00:17:03,838:INFO: co-RMS-loss: 1217.86
2021-03-02 00:17:03,841:INFO: co-RMS-loss: 1217.86
2021-03-02 00:17:03,842:INFO: co-RMS-loss: 1217.86
2021-03-02 00:17:03,844:INFO: co-RMS-loss: 1217.86
2021-03-02 00:17:03,845:INFO: co-RMS-loss: 1217.86
2021-03-02 00:17:03,848:INFO: co-RMS-loss: 1217.86
2021-03-02 00:17:03,850:INFO: co-RMS-loss: 1217.86
2021-03-02 00:17:03,852:INFO: co-RMS-loss: 1217.86
2021-03-02 00:17:03,855:INFO: co-RMS-loss: 1217.86
2021-03-02 00:17:03,858:INFO: co-RMS-loss: 1217.86
2021-03-02 00:17:03,861:INFO: co-RMS-loss: 1217.86
2021-03-02 00:17:28,623:INFO: Loading the datasets...
2021-03-02 00:17:28,623:INFO: model...
2021-03-02 00:17:28,626:INFO: Starting training for 20 epoch(s)
2021-03-02 00:17:28,629:INFO: co-RMS-loss: 1217.86
2021-03-02 00:17:28,631:INFO: co-RMS-loss: 1217.86
2021-03-02 00:17:28,632:INFO: co-RMS-loss: 1217.86
2021-03-02 00:17:28,633:INFO: co-RMS-loss: 1217.86
2021-03-02 00:17:28,634:INFO: co-RMS-loss: 1217.86
2021-03-02 00:17:28,635:INFO: co-RMS-loss: 1217.86
2021-03-02 00:17:28,636:INFO: co-RMS-loss: 1217.86
2021-03-02 00:17:28,637:INFO: co-RMS-loss: 1217.86
2021-03-02 00:17:28,638:INFO: co-RMS-loss: 1217.86
2021-03-02 00:17:28,639:INFO: co-RMS-loss: 1217.86
2021-03-02 00:17:28,642:INFO: co-RMS-loss: 1217.86
2021-03-02 00:17:28,645:INFO: co-RMS-loss: 1217.86
2021-03-02 00:17:28,647:INFO: co-RMS-loss: 1217.86
2021-03-02 00:17:28,649:INFO: co-RMS-loss: 1217.86
2021-03-02 00:17:28,650:INFO: co-RMS-loss: 1217.86
2021-03-02 00:17:28,652:INFO: co-RMS-loss: 1217.86
2021-03-02 00:17:28,653:INFO: co-RMS-loss: 1217.86
2021-03-02 00:17:28,654:INFO: co-RMS-loss: 1217.86
2021-03-02 00:17:28,656:INFO: co-RMS-loss: 1217.86
2021-03-02 00:17:28,658:INFO: co-RMS-loss: 1217.86
2021-03-02 00:18:08,762:INFO: Loading the datasets...
2021-03-02 00:18:08,762:INFO: model...
2021-03-02 00:18:08,765:INFO: Starting training for 20 epoch(s)
2021-03-02 00:18:08,768:INFO: co-RMS-loss: 1217.86
2021-03-02 00:18:08,786:INFO: co-RMS-loss: 1176.08
2021-03-02 00:18:08,789:INFO: co-RMS-loss: 1136.25
2021-03-02 00:18:08,793:INFO: co-RMS-loss: 1098.00
2021-03-02 00:18:08,800:INFO: co-RMS-loss: 1061.29
2021-03-02 00:18:08,804:INFO: co-RMS-loss: 1026.03
2021-03-02 00:18:08,808:INFO: co-RMS-loss: 992.18
2021-03-02 00:18:08,813:INFO: co-RMS-loss: 959.68
2021-03-02 00:18:08,820:INFO: co-RMS-loss: 928.47
2021-03-02 00:18:08,824:INFO: co-RMS-loss: 898.50
2021-03-02 00:18:08,829:INFO: co-RMS-loss: 869.72
2021-03-02 00:18:08,832:INFO: co-RMS-loss: 842.08
2021-03-02 00:18:08,835:INFO: co-RMS-loss: 815.55
2021-03-02 00:18:08,839:INFO: co-RMS-loss: 790.06
2021-03-02 00:18:08,841:INFO: co-RMS-loss: 765.59
2021-03-02 00:18:08,846:INFO: co-RMS-loss: 742.09
2021-03-02 00:18:08,853:INFO: co-RMS-loss: 719.52
2021-03-02 00:18:08,858:INFO: co-RMS-loss: 697.85
2021-03-02 00:18:08,865:INFO: co-RMS-loss: 677.04
2021-03-02 00:18:08,870:INFO: co-RMS-loss: 657.05
2021-03-02 00:18:28,712:INFO: Loading the datasets...
2021-03-02 00:18:28,712:INFO: model...
2021-03-02 00:18:28,715:INFO: Starting training for 40 epoch(s)
2021-03-02 00:18:28,718:INFO: co-RMS-loss: 1217.86
2021-03-02 00:18:28,722:INFO: co-RMS-loss: 1176.08
2021-03-02 00:18:28,725:INFO: co-RMS-loss: 1136.25
2021-03-02 00:18:28,729:INFO: co-RMS-loss: 1098.00
2021-03-02 00:18:28,731:INFO: co-RMS-loss: 1061.29
2021-03-02 00:18:28,733:INFO: co-RMS-loss: 1026.03
2021-03-02 00:18:28,735:INFO: co-RMS-loss: 992.18
2021-03-02 00:18:28,740:INFO: co-RMS-loss: 959.68
2021-03-02 00:18:28,745:INFO: co-RMS-loss: 928.47
2021-03-02 00:18:28,749:INFO: co-RMS-loss: 898.50
2021-03-02 00:18:28,755:INFO: co-RMS-loss: 869.72
2021-03-02 00:18:28,761:INFO: co-RMS-loss: 842.08
2021-03-02 00:18:28,767:INFO: co-RMS-loss: 815.55
2021-03-02 00:18:28,771:INFO: co-RMS-loss: 790.06
2021-03-02 00:18:28,774:INFO: co-RMS-loss: 765.59
2021-03-02 00:18:28,777:INFO: co-RMS-loss: 742.09
2021-03-02 00:18:28,779:INFO: co-RMS-loss: 719.52
2021-03-02 00:18:28,782:INFO: co-RMS-loss: 697.85
2021-03-02 00:18:28,784:INFO: co-RMS-loss: 677.04
2021-03-02 00:18:28,787:INFO: co-RMS-loss: 657.05
2021-03-02 00:18:28,792:INFO: co-RMS-loss: 637.86
2021-03-02 00:18:28,797:INFO: co-RMS-loss: 619.43
2021-03-02 00:18:28,801:INFO: co-RMS-loss: 601.73
2021-03-02 00:18:28,807:INFO: co-RMS-loss: 584.73
2021-03-02 00:18:28,812:INFO: co-RMS-loss: 568.40
2021-03-02 00:18:28,817:INFO: co-RMS-loss: 552.73
2021-03-02 00:18:28,821:INFO: co-RMS-loss: 537.67
2021-03-02 00:18:28,827:INFO: co-RMS-loss: 523.21
2021-03-02 00:18:28,833:INFO: co-RMS-loss: 509.33
2021-03-02 00:18:28,837:INFO: co-RMS-loss: 495.99
2021-03-02 00:18:28,842:INFO: co-RMS-loss: 483.19
2021-03-02 00:18:28,847:INFO: co-RMS-loss: 470.89
2021-03-02 00:18:28,851:INFO: co-RMS-loss: 459.08
2021-03-02 00:18:28,856:INFO: co-RMS-loss: 447.73
2021-03-02 00:18:28,860:INFO: co-RMS-loss: 436.84
2021-03-02 00:18:28,866:INFO: co-RMS-loss: 426.38
2021-03-02 00:18:28,869:INFO: co-RMS-loss: 416.33
2021-03-02 00:18:28,874:INFO: co-RMS-loss: 406.68
2021-03-02 00:18:28,879:INFO: co-RMS-loss: 397.41
2021-03-02 00:18:28,884:INFO: co-RMS-loss: 388.51
2021-03-02 00:18:36,029:INFO: Loading the datasets...
2021-03-02 00:18:36,029:INFO: model...
2021-03-02 00:18:36,031:INFO: Starting training for 100 epoch(s)
2021-03-02 00:18:36,034:INFO: co-RMS-loss: 1217.86
2021-03-02 00:18:36,040:INFO: co-RMS-loss: 1176.08
2021-03-02 00:18:36,043:INFO: co-RMS-loss: 1136.25
2021-03-02 00:18:36,046:INFO: co-RMS-loss: 1098.00
2021-03-02 00:18:36,048:INFO: co-RMS-loss: 1061.29
2021-03-02 00:18:36,052:INFO: co-RMS-loss: 1026.03
2021-03-02 00:18:36,058:INFO: co-RMS-loss: 992.18
2021-03-02 00:18:36,063:INFO: co-RMS-loss: 959.68
2021-03-02 00:18:36,067:INFO: co-RMS-loss: 928.47
2021-03-02 00:18:36,072:INFO: co-RMS-loss: 898.50
2021-03-02 00:18:36,077:INFO: co-RMS-loss: 869.72
2021-03-02 00:18:36,081:INFO: co-RMS-loss: 842.08
2021-03-02 00:18:36,085:INFO: co-RMS-loss: 815.55
2021-03-02 00:18:36,090:INFO: co-RMS-loss: 790.06
2021-03-02 00:18:36,096:INFO: co-RMS-loss: 765.59
2021-03-02 00:18:36,100:INFO: co-RMS-loss: 742.09
2021-03-02 00:18:36,105:INFO: co-RMS-loss: 719.52
2021-03-02 00:18:36,111:INFO: co-RMS-loss: 697.85
2021-03-02 00:18:36,115:INFO: co-RMS-loss: 677.04
2021-03-02 00:18:36,120:INFO: co-RMS-loss: 657.05
2021-03-02 00:18:36,124:INFO: co-RMS-loss: 637.86
2021-03-02 00:18:36,130:INFO: co-RMS-loss: 619.43
2021-03-02 00:18:36,135:INFO: co-RMS-loss: 601.73
2021-03-02 00:18:36,140:INFO: co-RMS-loss: 584.73
2021-03-02 00:18:36,146:INFO: co-RMS-loss: 568.40
2021-03-02 00:18:36,149:INFO: co-RMS-loss: 552.73
2021-03-02 00:18:36,153:INFO: co-RMS-loss: 537.67
2021-03-02 00:18:36,158:INFO: co-RMS-loss: 523.21
2021-03-02 00:18:36,164:INFO: co-RMS-loss: 509.33
2021-03-02 00:18:36,169:INFO: co-RMS-loss: 495.99
2021-03-02 00:18:36,174:INFO: co-RMS-loss: 483.19
2021-03-02 00:18:36,180:INFO: co-RMS-loss: 470.89
2021-03-02 00:18:36,183:INFO: co-RMS-loss: 459.08
2021-03-02 00:18:36,189:INFO: co-RMS-loss: 447.73
2021-03-02 00:18:36,194:INFO: co-RMS-loss: 436.84
2021-03-02 00:18:36,198:INFO: co-RMS-loss: 426.38
2021-03-02 00:18:36,202:INFO: co-RMS-loss: 416.33
2021-03-02 00:18:36,207:INFO: co-RMS-loss: 406.68
2021-03-02 00:18:36,213:INFO: co-RMS-loss: 397.41
2021-03-02 00:18:36,216:INFO: co-RMS-loss: 388.51
2021-03-02 00:18:36,221:INFO: co-RMS-loss: 379.97
2021-03-02 00:18:36,226:INFO: co-RMS-loss: 371.76
2021-03-02 00:18:36,231:INFO: co-RMS-loss: 363.88
2021-03-02 00:18:36,235:INFO: co-RMS-loss: 356.30
2021-03-02 00:18:36,240:INFO: co-RMS-loss: 349.03
2021-03-02 00:18:36,246:INFO: co-RMS-loss: 342.05
2021-03-02 00:18:36,250:INFO: co-RMS-loss: 335.34
2021-03-02 00:18:36,255:INFO: co-RMS-loss: 328.90
2021-03-02 00:18:36,258:INFO: co-RMS-loss: 322.72
2021-03-02 00:18:36,263:INFO: co-RMS-loss: 316.78
2021-03-02 00:18:36,266:INFO: co-RMS-loss: 311.07
2021-03-02 00:18:36,271:INFO: co-RMS-loss: 305.59
2021-03-02 00:18:36,275:INFO: co-RMS-loss: 300.33
2021-03-02 00:18:36,279:INFO: co-RMS-loss: 295.27
2021-03-02 00:18:36,282:INFO: co-RMS-loss: 290.42
2021-03-02 00:18:36,288:INFO: co-RMS-loss: 285.76
2021-03-02 00:18:36,292:INFO: co-RMS-loss: 281.28
2021-03-02 00:18:36,296:INFO: co-RMS-loss: 276.98
2021-03-02 00:18:36,299:INFO: co-RMS-loss: 272.85
2021-03-02 00:18:36,302:INFO: co-RMS-loss: 268.88
2021-03-02 00:18:36,307:INFO: co-RMS-loss: 265.07
2021-03-02 00:18:36,311:INFO: co-RMS-loss: 261.41
2021-03-02 00:18:36,315:INFO: co-RMS-loss: 257.90
2021-03-02 00:18:36,319:INFO: co-RMS-loss: 254.52
2021-03-02 00:18:36,322:INFO: co-RMS-loss: 251.28
2021-03-02 00:18:36,328:INFO: co-RMS-loss: 248.17
2021-03-02 00:18:36,331:INFO: co-RMS-loss: 245.18
2021-03-02 00:18:36,334:INFO: co-RMS-loss: 242.31
2021-03-02 00:18:36,338:INFO: co-RMS-loss: 239.55
2021-03-02 00:18:36,342:INFO: co-RMS-loss: 236.90
2021-03-02 00:18:36,346:INFO: co-RMS-loss: 234.36
2021-03-02 00:18:36,348:INFO: co-RMS-loss: 231.91
2021-03-02 00:18:36,352:INFO: co-RMS-loss: 229.56
2021-03-02 00:18:36,357:INFO: co-RMS-loss: 227.31
2021-03-02 00:18:36,361:INFO: co-RMS-loss: 225.14
2021-03-02 00:18:36,365:INFO: co-RMS-loss: 223.07
2021-03-02 00:18:36,368:INFO: co-RMS-loss: 221.07
2021-03-02 00:18:36,372:INFO: co-RMS-loss: 219.15
2021-03-02 00:18:36,377:INFO: co-RMS-loss: 217.31
2021-03-02 00:18:36,381:INFO: co-RMS-loss: 215.54
2021-03-02 00:18:36,384:INFO: co-RMS-loss: 213.84
2021-03-02 00:18:36,388:INFO: co-RMS-loss: 212.21
2021-03-02 00:18:36,392:INFO: co-RMS-loss: 210.64
2021-03-02 00:18:36,396:INFO: co-RMS-loss: 209.13
2021-03-02 00:18:36,399:INFO: co-RMS-loss: 207.69
2021-03-02 00:18:36,404:INFO: co-RMS-loss: 206.30
2021-03-02 00:18:36,408:INFO: co-RMS-loss: 204.96
2021-03-02 00:18:36,412:INFO: co-RMS-loss: 203.68
2021-03-02 00:18:36,416:INFO: co-RMS-loss: 202.45
2021-03-02 00:18:36,422:INFO: co-RMS-loss: 201.27
2021-03-02 00:18:36,425:INFO: co-RMS-loss: 200.13
2021-03-02 00:18:36,429:INFO: co-RMS-loss: 199.04
2021-03-02 00:18:36,432:INFO: co-RMS-loss: 197.99
2021-03-02 00:18:36,436:INFO: co-RMS-loss: 196.99
2021-03-02 00:18:36,441:INFO: co-RMS-loss: 196.02
2021-03-02 00:18:36,445:INFO: co-RMS-loss: 195.09
2021-03-02 00:18:36,448:INFO: co-RMS-loss: 194.20
2021-03-02 00:18:36,452:INFO: co-RMS-loss: 193.34
2021-03-02 00:18:36,456:INFO: co-RMS-loss: 192.52
2021-03-02 00:18:36,461:INFO: co-RMS-loss: 191.73
2021-03-02 00:18:38,996:INFO: Loading the datasets...
2021-03-02 00:18:38,996:INFO: model...
2021-03-02 00:18:38,999:INFO: Starting training for 1000 epoch(s)
2021-03-02 00:18:39,003:INFO: co-RMS-loss: 1217.86
2021-03-02 00:18:39,008:INFO: co-RMS-loss: 1176.08
2021-03-02 00:18:39,010:INFO: co-RMS-loss: 1136.25
2021-03-02 00:18:39,013:INFO: co-RMS-loss: 1098.00
2021-03-02 00:18:39,015:INFO: co-RMS-loss: 1061.29
2021-03-02 00:18:39,020:INFO: co-RMS-loss: 1026.03
2021-03-02 00:18:39,025:INFO: co-RMS-loss: 992.18
2021-03-02 00:18:39,029:INFO: co-RMS-loss: 959.68
2021-03-02 00:18:39,034:INFO: co-RMS-loss: 928.47
2021-03-02 00:18:39,039:INFO: co-RMS-loss: 898.50
2021-03-02 00:18:39,045:INFO: co-RMS-loss: 869.72
2021-03-02 00:18:39,049:INFO: co-RMS-loss: 842.08
2021-03-02 00:18:39,054:INFO: co-RMS-loss: 815.55
2021-03-02 00:18:39,058:INFO: co-RMS-loss: 790.06
2021-03-02 00:18:39,063:INFO: co-RMS-loss: 765.59
2021-03-02 00:18:39,067:INFO: co-RMS-loss: 742.09
2021-03-02 00:18:39,073:INFO: co-RMS-loss: 719.52
2021-03-02 00:18:39,078:INFO: co-RMS-loss: 697.85
2021-03-02 00:18:39,082:INFO: co-RMS-loss: 677.04
2021-03-02 00:18:39,086:INFO: co-RMS-loss: 657.05
2021-03-02 00:18:39,092:INFO: co-RMS-loss: 637.86
2021-03-02 00:18:39,097:INFO: co-RMS-loss: 619.43
2021-03-02 00:18:39,101:INFO: co-RMS-loss: 601.73
2021-03-02 00:18:39,103:INFO: co-RMS-loss: 584.73
2021-03-02 00:18:39,106:INFO: co-RMS-loss: 568.40
2021-03-02 00:18:39,109:INFO: co-RMS-loss: 552.73
2021-03-02 00:18:39,112:INFO: co-RMS-loss: 537.67
2021-03-02 00:18:39,114:INFO: co-RMS-loss: 523.21
2021-03-02 00:18:39,117:INFO: co-RMS-loss: 509.33
2021-03-02 00:18:39,122:INFO: co-RMS-loss: 495.99
2021-03-02 00:18:39,126:INFO: co-RMS-loss: 483.19
2021-03-02 00:18:39,130:INFO: co-RMS-loss: 470.89
2021-03-02 00:18:39,134:INFO: co-RMS-loss: 459.08
2021-03-02 00:18:39,139:INFO: co-RMS-loss: 447.73
2021-03-02 00:18:39,144:INFO: co-RMS-loss: 436.84
2021-03-02 00:18:39,147:INFO: co-RMS-loss: 426.38
2021-03-02 00:18:39,152:INFO: co-RMS-loss: 416.33
2021-03-02 00:18:39,156:INFO: co-RMS-loss: 406.68
2021-03-02 00:18:39,162:INFO: co-RMS-loss: 397.41
2021-03-02 00:18:39,165:INFO: co-RMS-loss: 388.51
2021-03-02 00:18:39,169:INFO: co-RMS-loss: 379.97
2021-03-02 00:18:39,173:INFO: co-RMS-loss: 371.76
2021-03-02 00:18:39,178:INFO: co-RMS-loss: 363.88
2021-03-02 00:18:39,182:INFO: co-RMS-loss: 356.30
2021-03-02 00:18:39,187:INFO: co-RMS-loss: 349.03
2021-03-02 00:18:39,191:INFO: co-RMS-loss: 342.05
2021-03-02 00:18:39,194:INFO: co-RMS-loss: 335.34
2021-03-02 00:18:39,197:INFO: co-RMS-loss: 328.90
2021-03-02 00:18:39,201:INFO: co-RMS-loss: 322.72
2021-03-02 00:18:39,204:INFO: co-RMS-loss: 316.78
2021-03-02 00:18:39,209:INFO: co-RMS-loss: 311.07
2021-03-02 00:18:39,213:INFO: co-RMS-loss: 305.59
2021-03-02 00:18:39,216:INFO: co-RMS-loss: 300.33
2021-03-02 00:18:39,220:INFO: co-RMS-loss: 295.27
2021-03-02 00:18:39,224:INFO: co-RMS-loss: 290.42
2021-03-02 00:18:39,229:INFO: co-RMS-loss: 285.76
2021-03-02 00:18:39,231:INFO: co-RMS-loss: 281.28
2021-03-02 00:18:39,235:INFO: co-RMS-loss: 276.98
2021-03-02 00:18:39,240:INFO: co-RMS-loss: 272.85
2021-03-02 00:18:39,244:INFO: co-RMS-loss: 268.88
2021-03-02 00:18:39,247:INFO: co-RMS-loss: 265.07
2021-03-02 00:18:39,250:INFO: co-RMS-loss: 261.41
2021-03-02 00:18:39,254:INFO: co-RMS-loss: 257.90
2021-03-02 00:18:39,258:INFO: co-RMS-loss: 254.52
2021-03-02 00:18:39,262:INFO: co-RMS-loss: 251.28
2021-03-02 00:18:39,265:INFO: co-RMS-loss: 248.17
2021-03-02 00:18:39,269:INFO: co-RMS-loss: 245.18
2021-03-02 00:18:39,273:INFO: co-RMS-loss: 242.31
2021-03-02 00:18:39,278:INFO: co-RMS-loss: 239.55
2021-03-02 00:18:39,281:INFO: co-RMS-loss: 236.90
2021-03-02 00:18:39,286:INFO: co-RMS-loss: 234.36
2021-03-02 00:18:39,291:INFO: co-RMS-loss: 231.91
2021-03-02 00:18:39,295:INFO: co-RMS-loss: 229.56
2021-03-02 00:18:39,298:INFO: co-RMS-loss: 227.31
2021-03-02 00:18:39,303:INFO: co-RMS-loss: 225.14
2021-03-02 00:18:39,307:INFO: co-RMS-loss: 223.07
2021-03-02 00:18:39,311:INFO: co-RMS-loss: 221.07
2021-03-02 00:18:39,314:INFO: co-RMS-loss: 219.15
2021-03-02 00:18:39,318:INFO: co-RMS-loss: 217.31
2021-03-02 00:18:39,322:INFO: co-RMS-loss: 215.54
2021-03-02 00:18:39,328:INFO: co-RMS-loss: 213.84
2021-03-02 00:18:39,330:INFO: co-RMS-loss: 212.21
2021-03-02 00:18:39,333:INFO: co-RMS-loss: 210.64
2021-03-02 00:18:39,338:INFO: co-RMS-loss: 209.13
2021-03-02 00:18:39,342:INFO: co-RMS-loss: 207.69
2021-03-02 00:18:39,345:INFO: co-RMS-loss: 206.30
2021-03-02 00:18:39,348:INFO: co-RMS-loss: 204.96
2021-03-02 00:18:39,352:INFO: co-RMS-loss: 203.68
2021-03-02 00:18:39,358:INFO: co-RMS-loss: 202.45
2021-03-02 00:18:39,361:INFO: co-RMS-loss: 201.27
2021-03-02 00:18:39,365:INFO: co-RMS-loss: 200.13
2021-03-02 00:18:39,369:INFO: co-RMS-loss: 199.04
2021-03-02 00:18:39,373:INFO: co-RMS-loss: 197.99
2021-03-02 00:18:39,378:INFO: co-RMS-loss: 196.99
2021-03-02 00:18:39,381:INFO: co-RMS-loss: 196.02
2021-03-02 00:18:39,385:INFO: co-RMS-loss: 195.09
2021-03-02 00:18:39,390:INFO: co-RMS-loss: 194.20
2021-03-02 00:18:39,394:INFO: co-RMS-loss: 193.34
2021-03-02 00:18:39,398:INFO: co-RMS-loss: 192.52
2021-03-02 00:18:39,401:INFO: co-RMS-loss: 191.73
2021-03-02 00:18:39,405:INFO: co-RMS-loss: 190.97
2021-03-02 00:18:39,410:INFO: co-RMS-loss: 190.24
2021-03-02 00:18:39,413:INFO: co-RMS-loss: 189.54
2021-03-02 00:18:39,418:INFO: co-RMS-loss: 188.87
2021-03-02 00:18:39,422:INFO: co-RMS-loss: 188.22
2021-03-02 00:18:39,427:INFO: co-RMS-loss: 187.60
2021-03-02 00:18:39,431:INFO: co-RMS-loss: 187.01
2021-03-02 00:18:39,435:INFO: co-RMS-loss: 186.43
2021-03-02 00:18:39,439:INFO: co-RMS-loss: 185.88
2021-03-02 00:18:39,444:INFO: co-RMS-loss: 185.36
2021-03-02 00:18:39,448:INFO: co-RMS-loss: 184.85
2021-03-02 00:18:39,452:INFO: co-RMS-loss: 184.36
2021-03-02 00:18:39,457:INFO: co-RMS-loss: 183.89
2021-03-02 00:18:39,461:INFO: co-RMS-loss: 183.44
2021-03-02 00:18:39,464:INFO: co-RMS-loss: 183.01
2021-03-02 00:18:39,468:INFO: co-RMS-loss: 182.60
2021-03-02 00:18:39,472:INFO: co-RMS-loss: 182.20
2021-03-02 00:18:39,477:INFO: co-RMS-loss: 181.82
2021-03-02 00:18:39,480:INFO: co-RMS-loss: 181.45
2021-03-02 00:18:39,484:INFO: co-RMS-loss: 181.10
2021-03-02 00:18:39,488:INFO: co-RMS-loss: 180.76
2021-03-02 00:18:39,492:INFO: co-RMS-loss: 180.43
2021-03-02 00:18:39,496:INFO: co-RMS-loss: 180.12
2021-03-02 00:18:39,499:INFO: co-RMS-loss: 179.82
2021-03-02 00:18:39,503:INFO: co-RMS-loss: 179.53
2021-03-02 00:18:39,508:INFO: co-RMS-loss: 179.25
2021-03-02 00:18:39,511:INFO: co-RMS-loss: 178.98
2021-03-02 00:18:39,514:INFO: co-RMS-loss: 178.73
2021-03-02 00:18:39,519:INFO: co-RMS-loss: 178.48
2021-03-02 00:18:39,524:INFO: co-RMS-loss: 178.24
2021-03-02 00:18:39,528:INFO: co-RMS-loss: 178.02
2021-03-02 00:18:39,531:INFO: co-RMS-loss: 177.80
2021-03-02 00:18:39,535:INFO: co-RMS-loss: 177.59
2021-03-02 00:18:39,540:INFO: co-RMS-loss: 177.39
2021-03-02 00:18:39,544:INFO: co-RMS-loss: 177.20
2021-03-02 00:18:39,548:INFO: co-RMS-loss: 177.01
2021-03-02 00:18:39,551:INFO: co-RMS-loss: 176.83
2021-03-02 00:18:39,555:INFO: co-RMS-loss: 176.66
2021-03-02 00:18:39,560:INFO: co-RMS-loss: 176.50
2021-03-02 00:18:39,563:INFO: co-RMS-loss: 176.34
2021-03-02 00:18:39,567:INFO: co-RMS-loss: 176.19
2021-03-02 00:18:39,570:INFO: co-RMS-loss: 176.04
2021-03-02 00:18:39,576:INFO: co-RMS-loss: 175.90
2021-03-02 00:18:39,579:INFO: co-RMS-loss: 175.77
2021-03-02 00:18:39,582:INFO: co-RMS-loss: 175.64
2021-03-02 00:18:39,587:INFO: co-RMS-loss: 175.51
2021-03-02 00:18:39,591:INFO: co-RMS-loss: 175.39
2021-03-02 00:18:39,595:INFO: co-RMS-loss: 175.28
2021-03-02 00:18:39,597:INFO: co-RMS-loss: 175.17
2021-03-02 00:18:39,601:INFO: co-RMS-loss: 175.06
2021-03-02 00:18:39,606:INFO: co-RMS-loss: 174.96
2021-03-02 00:18:39,611:INFO: co-RMS-loss: 174.86
2021-03-02 00:18:39,614:INFO: co-RMS-loss: 174.77
2021-03-02 00:18:39,618:INFO: co-RMS-loss: 174.68
2021-03-02 00:18:39,623:INFO: co-RMS-loss: 174.59
2021-03-02 00:18:39,628:INFO: co-RMS-loss: 174.51
2021-03-02 00:18:39,631:INFO: co-RMS-loss: 174.43
2021-03-02 00:18:39,637:INFO: co-RMS-loss: 174.35
2021-03-02 00:18:39,641:INFO: co-RMS-loss: 174.28
2021-03-02 00:18:39,645:INFO: co-RMS-loss: 174.21
2021-03-02 00:18:39,648:INFO: co-RMS-loss: 174.14
2021-03-02 00:18:39,654:INFO: co-RMS-loss: 174.07
2021-03-02 00:18:39,659:INFO: co-RMS-loss: 174.01
2021-03-02 00:18:39,662:INFO: co-RMS-loss: 173.95
2021-03-02 00:18:39,666:INFO: co-RMS-loss: 173.89
2021-03-02 00:18:39,671:INFO: co-RMS-loss: 173.84
2021-03-02 00:18:39,677:INFO: co-RMS-loss: 173.78
2021-03-02 00:18:39,679:INFO: co-RMS-loss: 173.73
2021-03-02 00:18:39,683:INFO: co-RMS-loss: 173.68
2021-03-02 00:18:39,688:INFO: co-RMS-loss: 173.64
2021-03-02 00:18:39,692:INFO: co-RMS-loss: 173.59
2021-03-02 00:18:39,695:INFO: co-RMS-loss: 173.55
2021-03-02 00:18:39,698:INFO: co-RMS-loss: 173.50
2021-03-02 00:18:39,702:INFO: co-RMS-loss: 173.46
2021-03-02 00:18:39,707:INFO: co-RMS-loss: 173.43
2021-03-02 00:18:39,712:INFO: co-RMS-loss: 173.39
2021-03-02 00:18:39,716:INFO: co-RMS-loss: 173.35
2021-03-02 00:18:39,721:INFO: co-RMS-loss: 173.32
2021-03-02 00:18:39,726:INFO: co-RMS-loss: 173.28
2021-03-02 00:18:39,729:INFO: co-RMS-loss: 173.25
2021-03-02 00:18:39,733:INFO: co-RMS-loss: 173.22
2021-03-02 00:18:39,738:INFO: co-RMS-loss: 173.19
2021-03-02 00:18:39,743:INFO: co-RMS-loss: 173.16
2021-03-02 00:18:39,746:INFO: co-RMS-loss: 173.14
2021-03-02 00:18:39,750:INFO: co-RMS-loss: 173.11
2021-03-02 00:18:39,754:INFO: co-RMS-loss: 173.09
2021-03-02 00:18:39,759:INFO: co-RMS-loss: 173.06
2021-03-02 00:18:39,765:INFO: co-RMS-loss: 173.04
2021-03-02 00:18:39,768:INFO: co-RMS-loss: 173.02
2021-03-02 00:18:39,771:INFO: co-RMS-loss: 173.00
2021-03-02 00:18:39,773:INFO: co-RMS-loss: 172.97
2021-03-02 00:18:39,777:INFO: co-RMS-loss: 172.96
2021-03-02 00:18:39,779:INFO: co-RMS-loss: 172.94
2021-03-02 00:18:39,781:INFO: co-RMS-loss: 172.92
2021-03-02 00:18:39,788:INFO: co-RMS-loss: 172.90
2021-03-02 00:18:39,792:INFO: co-RMS-loss: 172.88
2021-03-02 00:18:39,796:INFO: co-RMS-loss: 172.87
2021-03-02 00:18:39,800:INFO: co-RMS-loss: 172.85
2021-03-02 00:18:39,804:INFO: co-RMS-loss: 172.84
2021-03-02 00:18:39,809:INFO: co-RMS-loss: 172.82
2021-03-02 00:18:39,812:INFO: co-RMS-loss: 172.81
2021-03-02 00:18:39,816:INFO: co-RMS-loss: 172.80
2021-03-02 00:18:39,821:INFO: co-RMS-loss: 172.78
2021-03-02 00:18:39,826:INFO: co-RMS-loss: 172.77
2021-03-02 00:18:39,829:INFO: co-RMS-loss: 172.76
2021-03-02 00:18:39,833:INFO: co-RMS-loss: 172.75
2021-03-02 00:18:39,838:INFO: co-RMS-loss: 172.74
2021-03-02 00:18:39,842:INFO: co-RMS-loss: 172.73
2021-03-02 00:18:39,846:INFO: co-RMS-loss: 172.72
2021-03-02 00:18:39,850:INFO: co-RMS-loss: 172.71
2021-03-02 00:18:39,855:INFO: co-RMS-loss: 172.70
2021-03-02 00:18:39,860:INFO: co-RMS-loss: 172.69
2021-03-02 00:18:39,863:INFO: co-RMS-loss: 172.68
2021-03-02 00:18:39,867:INFO: co-RMS-loss: 172.67
2021-03-02 00:18:39,871:INFO: co-RMS-loss: 172.66
2021-03-02 00:18:39,876:INFO: co-RMS-loss: 172.66
2021-03-02 00:18:39,880:INFO: co-RMS-loss: 172.65
2021-03-02 00:18:39,883:INFO: co-RMS-loss: 172.64
2021-03-02 00:18:39,888:INFO: co-RMS-loss: 172.64
2021-03-02 00:18:39,893:INFO: co-RMS-loss: 172.63
2021-03-02 00:18:39,896:INFO: co-RMS-loss: 172.62
2021-03-02 00:18:39,899:INFO: co-RMS-loss: 172.62
2021-03-02 00:18:39,903:INFO: co-RMS-loss: 172.61
2021-03-02 00:18:39,908:INFO: co-RMS-loss: 172.61
2021-03-02 00:18:39,912:INFO: co-RMS-loss: 172.60
2021-03-02 00:18:39,915:INFO: co-RMS-loss: 172.60
2021-03-02 00:18:39,919:INFO: co-RMS-loss: 172.59
2021-03-02 00:18:39,923:INFO: co-RMS-loss: 172.59
2021-03-02 00:18:39,928:INFO: co-RMS-loss: 172.58
2021-03-02 00:18:39,932:INFO: co-RMS-loss: 172.58
2021-03-02 00:18:39,936:INFO: co-RMS-loss: 172.57
2021-03-02 00:18:39,941:INFO: co-RMS-loss: 172.57
2021-03-02 00:18:39,946:INFO: co-RMS-loss: 172.57
2021-03-02 00:18:39,950:INFO: co-RMS-loss: 172.56
2021-03-02 00:18:39,954:INFO: co-RMS-loss: 172.56
2021-03-02 00:18:39,957:INFO: co-RMS-loss: 172.55
2021-03-02 00:18:39,962:INFO: co-RMS-loss: 172.55
2021-03-02 00:18:39,964:INFO: co-RMS-loss: 172.55
2021-03-02 00:18:39,971:INFO: co-RMS-loss: 172.55
2021-03-02 00:18:39,976:INFO: co-RMS-loss: 172.54
2021-03-02 00:18:39,979:INFO: co-RMS-loss: 172.54
2021-03-02 00:18:39,984:INFO: co-RMS-loss: 172.54
2021-03-02 00:18:39,991:INFO: co-RMS-loss: 172.53
2021-03-02 00:18:39,995:INFO: co-RMS-loss: 172.53
2021-03-02 00:18:39,998:INFO: co-RMS-loss: 172.53
2021-03-02 00:18:40,002:INFO: co-RMS-loss: 172.53
2021-03-02 00:18:40,007:INFO: co-RMS-loss: 172.53
2021-03-02 00:18:40,011:INFO: co-RMS-loss: 172.52
2021-03-02 00:18:40,014:INFO: co-RMS-loss: 172.52
2021-03-02 00:18:40,017:INFO: co-RMS-loss: 172.52
2021-03-02 00:18:40,022:INFO: co-RMS-loss: 172.52
2021-03-02 00:18:40,025:INFO: co-RMS-loss: 172.52
2021-03-02 00:18:40,029:INFO: co-RMS-loss: 172.51
2021-03-02 00:18:40,031:INFO: co-RMS-loss: 172.51
2021-03-02 00:18:40,036:INFO: co-RMS-loss: 172.51
2021-03-02 00:18:40,042:INFO: co-RMS-loss: 172.51
2021-03-02 00:18:40,045:INFO: co-RMS-loss: 172.51
2021-03-02 00:18:40,047:INFO: co-RMS-loss: 172.51
2021-03-02 00:18:40,051:INFO: co-RMS-loss: 172.51
2021-03-02 00:18:40,056:INFO: co-RMS-loss: 172.50
2021-03-02 00:18:40,060:INFO: co-RMS-loss: 172.50
2021-03-02 00:18:40,063:INFO: co-RMS-loss: 172.50
2021-03-02 00:18:40,066:INFO: co-RMS-loss: 172.50
2021-03-02 00:18:40,072:INFO: co-RMS-loss: 172.50
2021-03-02 00:18:40,076:INFO: co-RMS-loss: 172.50
2021-03-02 00:18:40,079:INFO: co-RMS-loss: 172.50
2021-03-02 00:18:40,081:INFO: co-RMS-loss: 172.50
2021-03-02 00:18:40,085:INFO: co-RMS-loss: 172.50
2021-03-02 00:18:40,091:INFO: co-RMS-loss: 172.49
2021-03-02 00:18:40,094:INFO: co-RMS-loss: 172.49
2021-03-02 00:18:40,097:INFO: co-RMS-loss: 172.49
2021-03-02 00:18:40,102:INFO: co-RMS-loss: 172.49
2021-03-02 00:18:40,108:INFO: co-RMS-loss: 172.49
2021-03-02 00:18:40,112:INFO: co-RMS-loss: 172.49
2021-03-02 00:18:40,115:INFO: co-RMS-loss: 172.49
2021-03-02 00:18:40,120:INFO: co-RMS-loss: 172.49
2021-03-02 00:18:40,124:INFO: co-RMS-loss: 172.49
2021-03-02 00:18:40,128:INFO: co-RMS-loss: 172.49
2021-03-02 00:18:40,131:INFO: co-RMS-loss: 172.49
2021-03-02 00:18:40,134:INFO: co-RMS-loss: 172.49
2021-03-02 00:18:40,141:INFO: co-RMS-loss: 172.49
2021-03-02 00:18:40,144:INFO: co-RMS-loss: 172.49
2021-03-02 00:18:40,147:INFO: co-RMS-loss: 172.49
2021-03-02 00:18:40,152:INFO: co-RMS-loss: 172.48
2021-03-02 00:18:40,159:INFO: co-RMS-loss: 172.48
2021-03-02 00:18:40,162:INFO: co-RMS-loss: 172.48
2021-03-02 00:18:40,166:INFO: co-RMS-loss: 172.48
2021-03-02 00:18:40,171:INFO: co-RMS-loss: 172.48
2021-03-02 00:18:40,176:INFO: co-RMS-loss: 172.48
2021-03-02 00:18:40,178:INFO: co-RMS-loss: 172.48
2021-03-02 00:18:40,181:INFO: co-RMS-loss: 172.48
2021-03-02 00:18:40,185:INFO: co-RMS-loss: 172.48
2021-03-02 00:18:40,191:INFO: co-RMS-loss: 172.48
2021-03-02 00:18:40,194:INFO: co-RMS-loss: 172.48
2021-03-02 00:18:40,197:INFO: co-RMS-loss: 172.48
2021-03-02 00:18:40,201:INFO: co-RMS-loss: 172.48
2021-03-02 00:18:40,205:INFO: co-RMS-loss: 172.48
2021-03-02 00:18:40,210:INFO: co-RMS-loss: 172.48
2021-03-02 00:18:40,214:INFO: co-RMS-loss: 172.48
2021-03-02 00:18:40,218:INFO: co-RMS-loss: 172.48
2021-03-02 00:18:40,224:INFO: co-RMS-loss: 172.48
2021-03-02 00:18:40,228:INFO: co-RMS-loss: 172.48
2021-03-02 00:18:40,230:INFO: co-RMS-loss: 172.48
2021-03-02 00:18:40,234:INFO: co-RMS-loss: 172.48
2021-03-02 00:18:40,238:INFO: co-RMS-loss: 172.48
2021-03-02 00:18:40,242:INFO: co-RMS-loss: 172.48
2021-03-02 00:18:40,245:INFO: co-RMS-loss: 172.48
2021-03-02 00:18:40,248:INFO: co-RMS-loss: 172.48
2021-03-02 00:18:40,251:INFO: co-RMS-loss: 172.48
2021-03-02 00:18:40,256:INFO: co-RMS-loss: 172.48
2021-03-02 00:18:40,260:INFO: co-RMS-loss: 172.48
2021-03-02 00:18:40,263:INFO: co-RMS-loss: 172.48
2021-03-02 00:18:40,266:INFO: co-RMS-loss: 172.48
2021-03-02 00:18:40,270:INFO: co-RMS-loss: 172.48
2021-03-02 00:18:40,276:INFO: co-RMS-loss: 172.48
2021-03-02 00:18:40,278:INFO: co-RMS-loss: 172.48
2021-03-02 00:18:40,281:INFO: co-RMS-loss: 172.48
2021-03-02 00:18:40,284:INFO: co-RMS-loss: 172.48
2021-03-02 00:18:40,289:INFO: co-RMS-loss: 172.48
2021-03-02 00:18:40,293:INFO: co-RMS-loss: 172.48
2021-03-02 00:18:40,296:INFO: co-RMS-loss: 172.48
2021-03-02 00:18:40,298:INFO: co-RMS-loss: 172.48
2021-03-02 00:18:40,303:INFO: co-RMS-loss: 172.48
2021-03-02 00:18:40,309:INFO: co-RMS-loss: 172.48
2021-03-02 00:18:40,311:INFO: co-RMS-loss: 172.48
2021-03-02 00:18:40,314:INFO: co-RMS-loss: 172.48
2021-03-02 00:18:40,317:INFO: co-RMS-loss: 172.48
2021-03-02 00:18:40,321:INFO: co-RMS-loss: 172.48
2021-03-02 00:18:40,326:INFO: co-RMS-loss: 172.48
2021-03-02 00:18:40,329:INFO: co-RMS-loss: 172.48
2021-03-02 00:18:40,331:INFO: co-RMS-loss: 172.48
2021-03-02 00:18:40,336:INFO: co-RMS-loss: 172.48
2021-03-02 00:18:40,342:INFO: co-RMS-loss: 172.47
2021-03-02 00:18:40,345:INFO: co-RMS-loss: 172.47
2021-03-02 00:18:40,348:INFO: co-RMS-loss: 172.47
2021-03-02 00:18:40,351:INFO: co-RMS-loss: 172.47
2021-03-02 00:18:40,356:INFO: co-RMS-loss: 172.47
2021-03-02 00:18:40,360:INFO: co-RMS-loss: 172.47
2021-03-02 00:18:40,363:INFO: co-RMS-loss: 172.47
2021-03-02 00:18:40,366:INFO: co-RMS-loss: 172.47
2021-03-02 00:18:40,371:INFO: co-RMS-loss: 172.47
2021-03-02 00:18:40,376:INFO: co-RMS-loss: 172.47
2021-03-02 00:18:40,379:INFO: co-RMS-loss: 172.47
2021-03-02 00:18:40,382:INFO: co-RMS-loss: 172.47
2021-03-02 00:18:40,387:INFO: co-RMS-loss: 172.47
2021-03-02 00:18:40,392:INFO: co-RMS-loss: 172.47
2021-03-02 00:18:40,395:INFO: co-RMS-loss: 172.47
2021-03-02 00:18:40,398:INFO: co-RMS-loss: 172.47
2021-03-02 00:18:40,403:INFO: co-RMS-loss: 172.47
2021-03-02 00:18:40,408:INFO: co-RMS-loss: 172.47
2021-03-02 00:18:40,411:INFO: co-RMS-loss: 172.47
2021-03-02 00:18:40,414:INFO: co-RMS-loss: 172.47
2021-03-02 00:18:40,417:INFO: co-RMS-loss: 172.47
2021-03-02 00:18:40,421:INFO: co-RMS-loss: 172.47
2021-03-02 00:18:40,425:INFO: co-RMS-loss: 172.47
2021-03-02 00:18:40,429:INFO: co-RMS-loss: 172.47
2021-03-02 00:18:40,431:INFO: co-RMS-loss: 172.47
2021-03-02 00:18:40,437:INFO: co-RMS-loss: 172.47
2021-03-02 00:18:40,442:INFO: co-RMS-loss: 172.47
2021-03-02 00:18:40,445:INFO: co-RMS-loss: 172.47
2021-03-02 00:18:40,448:INFO: co-RMS-loss: 172.47
2021-03-02 00:18:40,454:INFO: co-RMS-loss: 172.47
2021-03-02 00:18:40,459:INFO: co-RMS-loss: 172.47
2021-03-02 00:18:40,461:INFO: co-RMS-loss: 172.47
2021-03-02 00:18:40,465:INFO: co-RMS-loss: 172.47
2021-03-02 00:18:40,473:INFO: co-RMS-loss: 172.47
2021-03-02 00:18:40,476:INFO: co-RMS-loss: 172.47
2021-03-02 00:18:40,479:INFO: co-RMS-loss: 172.47
2021-03-02 00:18:40,482:INFO: co-RMS-loss: 172.47
2021-03-02 00:18:40,488:INFO: co-RMS-loss: 172.47
2021-03-02 00:18:40,491:INFO: co-RMS-loss: 172.47
2021-03-02 00:18:40,495:INFO: co-RMS-loss: 172.47
2021-03-02 00:18:40,499:INFO: co-RMS-loss: 172.47
2021-03-02 00:18:40,503:INFO: co-RMS-loss: 172.47
2021-03-02 00:18:40,508:INFO: co-RMS-loss: 172.47
2021-03-02 00:18:40,512:INFO: co-RMS-loss: 172.47
2021-03-02 00:18:40,515:INFO: co-RMS-loss: 172.47
2021-03-02 00:18:40,519:INFO: co-RMS-loss: 172.47
2021-03-02 00:18:40,524:INFO: co-RMS-loss: 172.47
2021-03-02 00:18:40,526:INFO: co-RMS-loss: 172.47
2021-03-02 00:18:40,528:INFO: co-RMS-loss: 172.47
2021-03-02 00:18:40,529:INFO: co-RMS-loss: 172.47
2021-03-02 00:18:40,532:INFO: co-RMS-loss: 172.47
2021-03-02 00:18:40,537:INFO: co-RMS-loss: 172.47
2021-03-02 00:18:40,542:INFO: co-RMS-loss: 172.47
2021-03-02 00:18:40,545:INFO: co-RMS-loss: 172.47
2021-03-02 00:18:40,548:INFO: co-RMS-loss: 172.47
2021-03-02 00:18:40,552:INFO: co-RMS-loss: 172.47
2021-03-02 00:18:40,556:INFO: co-RMS-loss: 172.47
2021-03-02 00:18:40,560:INFO: co-RMS-loss: 172.47
2021-03-02 00:18:40,563:INFO: co-RMS-loss: 172.47
2021-03-02 00:18:40,566:INFO: co-RMS-loss: 172.47
2021-03-02 00:18:40,571:INFO: co-RMS-loss: 172.47
2021-03-02 00:18:40,576:INFO: co-RMS-loss: 172.47
2021-03-02 00:18:40,578:INFO: co-RMS-loss: 172.47
2021-03-02 00:18:40,581:INFO: co-RMS-loss: 172.47
2021-03-02 00:18:40,584:INFO: co-RMS-loss: 172.47
2021-03-02 00:18:40,590:INFO: co-RMS-loss: 172.47
2021-03-02 00:18:40,594:INFO: co-RMS-loss: 172.47
2021-03-02 00:18:40,597:INFO: co-RMS-loss: 172.47
2021-03-02 00:18:40,600:INFO: co-RMS-loss: 172.47
2021-03-02 00:18:40,604:INFO: co-RMS-loss: 172.47
2021-03-02 00:18:40,609:INFO: co-RMS-loss: 172.47
2021-03-02 00:18:40,612:INFO: co-RMS-loss: 172.47
2021-03-02 00:18:40,615:INFO: co-RMS-loss: 172.47
2021-03-02 00:18:40,620:INFO: co-RMS-loss: 172.47
2021-03-02 00:18:40,625:INFO: co-RMS-loss: 172.47
2021-03-02 00:18:40,628:INFO: co-RMS-loss: 172.47
2021-03-02 00:18:40,630:INFO: co-RMS-loss: 172.47
2021-03-02 00:18:40,634:INFO: co-RMS-loss: 172.47
2021-03-02 00:18:40,639:INFO: co-RMS-loss: 172.47
2021-03-02 00:18:40,644:INFO: co-RMS-loss: 172.47
2021-03-02 00:18:40,647:INFO: co-RMS-loss: 172.47
2021-03-02 00:18:40,650:INFO: co-RMS-loss: 172.47
2021-03-02 00:18:40,654:INFO: co-RMS-loss: 172.47
2021-03-02 00:18:40,658:INFO: co-RMS-loss: 172.47
2021-03-02 00:18:40,661:INFO: co-RMS-loss: 172.47
2021-03-02 00:18:40,664:INFO: co-RMS-loss: 172.47
2021-03-02 00:18:40,668:INFO: co-RMS-loss: 172.47
2021-03-02 00:18:40,673:INFO: co-RMS-loss: 172.47
2021-03-02 00:18:40,677:INFO: co-RMS-loss: 172.47
2021-03-02 00:18:40,679:INFO: co-RMS-loss: 172.47
2021-03-02 00:18:40,683:INFO: co-RMS-loss: 172.47
2021-03-02 00:18:40,687:INFO: co-RMS-loss: 172.47
2021-03-02 00:18:40,692:INFO: co-RMS-loss: 172.47
2021-03-02 00:18:40,695:INFO: co-RMS-loss: 172.47
2021-03-02 00:18:40,698:INFO: co-RMS-loss: 172.47
2021-03-02 00:18:40,703:INFO: co-RMS-loss: 172.47
2021-03-02 00:18:40,709:INFO: co-RMS-loss: 172.47
2021-03-02 00:18:40,712:INFO: co-RMS-loss: 172.47
2021-03-02 00:18:40,715:INFO: co-RMS-loss: 172.47
2021-03-02 00:18:40,720:INFO: co-RMS-loss: 172.47
2021-03-02 00:18:40,725:INFO: co-RMS-loss: 172.47
2021-03-02 00:18:40,728:INFO: co-RMS-loss: 172.47
2021-03-02 00:18:40,730:INFO: co-RMS-loss: 172.47
2021-03-02 00:18:40,734:INFO: co-RMS-loss: 172.47
2021-03-02 00:18:40,739:INFO: co-RMS-loss: 172.47
2021-03-02 00:18:40,744:INFO: co-RMS-loss: 172.47
2021-03-02 00:18:40,747:INFO: co-RMS-loss: 172.47
2021-03-02 00:18:40,749:INFO: co-RMS-loss: 172.47
2021-03-02 00:18:40,754:INFO: co-RMS-loss: 172.47
2021-03-02 00:18:40,758:INFO: co-RMS-loss: 172.47
2021-03-02 00:18:40,762:INFO: co-RMS-loss: 172.47
2021-03-02 00:18:40,768:INFO: co-RMS-loss: 172.47
2021-03-02 00:18:40,773:INFO: co-RMS-loss: 172.47
2021-03-02 00:18:40,777:INFO: co-RMS-loss: 172.47
2021-03-02 00:18:40,780:INFO: co-RMS-loss: 172.47
2021-03-02 00:18:40,784:INFO: co-RMS-loss: 172.47
2021-03-02 00:18:40,789:INFO: co-RMS-loss: 172.47
2021-03-02 00:18:40,794:INFO: co-RMS-loss: 172.47
2021-03-02 00:18:40,797:INFO: co-RMS-loss: 172.47
2021-03-02 00:18:40,800:INFO: co-RMS-loss: 172.47
2021-03-02 00:18:40,804:INFO: co-RMS-loss: 172.47
2021-03-02 00:18:40,808:INFO: co-RMS-loss: 172.47
2021-03-02 00:18:40,811:INFO: co-RMS-loss: 172.47
2021-03-02 00:18:40,814:INFO: co-RMS-loss: 172.47
2021-03-02 00:18:40,818:INFO: co-RMS-loss: 172.47
2021-03-02 00:18:40,824:INFO: co-RMS-loss: 172.47
2021-03-02 00:18:40,827:INFO: co-RMS-loss: 172.47
2021-03-02 00:18:40,830:INFO: co-RMS-loss: 172.47
2021-03-02 00:18:40,834:INFO: co-RMS-loss: 172.47
2021-03-02 00:18:40,838:INFO: co-RMS-loss: 172.47
2021-03-02 00:18:40,842:INFO: co-RMS-loss: 172.47
2021-03-02 00:18:40,845:INFO: co-RMS-loss: 172.47
2021-03-02 00:18:40,848:INFO: co-RMS-loss: 172.47
2021-03-02 00:18:40,854:INFO: co-RMS-loss: 172.47
2021-03-02 00:18:40,859:INFO: co-RMS-loss: 172.47
2021-03-02 00:18:40,862:INFO: co-RMS-loss: 172.47
2021-03-02 00:18:40,864:INFO: co-RMS-loss: 172.47
2021-03-02 00:18:40,869:INFO: co-RMS-loss: 172.47
2021-03-02 00:18:40,875:INFO: co-RMS-loss: 172.47
2021-03-02 00:18:40,878:INFO: co-RMS-loss: 172.47
2021-03-02 00:18:40,880:INFO: co-RMS-loss: 172.47
2021-03-02 00:18:40,884:INFO: co-RMS-loss: 172.47
2021-03-02 00:18:40,889:INFO: co-RMS-loss: 172.47
2021-03-02 00:18:40,893:INFO: co-RMS-loss: 172.47
2021-03-02 00:18:40,896:INFO: co-RMS-loss: 172.47
2021-03-02 00:18:40,899:INFO: co-RMS-loss: 172.47
2021-03-02 00:18:40,904:INFO: co-RMS-loss: 172.47
2021-03-02 00:18:40,909:INFO: co-RMS-loss: 172.47
2021-03-02 00:18:40,912:INFO: co-RMS-loss: 172.47
2021-03-02 00:18:40,916:INFO: co-RMS-loss: 172.47
2021-03-02 00:18:40,920:INFO: co-RMS-loss: 172.47
2021-03-02 00:18:40,925:INFO: co-RMS-loss: 172.47
2021-03-02 00:18:40,928:INFO: co-RMS-loss: 172.47
2021-03-02 00:18:40,930:INFO: co-RMS-loss: 172.47
2021-03-02 00:18:40,934:INFO: co-RMS-loss: 172.47
2021-03-02 00:18:40,939:INFO: co-RMS-loss: 172.47
2021-03-02 00:18:40,944:INFO: co-RMS-loss: 172.47
2021-03-02 00:18:40,951:INFO: co-RMS-loss: 172.47
2021-03-02 00:18:40,954:INFO: co-RMS-loss: 172.47
2021-03-02 00:18:40,957:INFO: co-RMS-loss: 172.47
2021-03-02 00:18:40,962:INFO: co-RMS-loss: 172.47
2021-03-02 00:18:40,965:INFO: co-RMS-loss: 172.47
2021-03-02 00:18:40,968:INFO: co-RMS-loss: 172.47
2021-03-02 00:18:40,974:INFO: co-RMS-loss: 172.47
2021-03-02 00:18:40,978:INFO: co-RMS-loss: 172.47
2021-03-02 00:18:40,980:INFO: co-RMS-loss: 172.47
2021-03-02 00:18:40,984:INFO: co-RMS-loss: 172.47
2021-03-02 00:18:40,988:INFO: co-RMS-loss: 172.47
2021-03-02 00:18:40,993:INFO: co-RMS-loss: 172.47
2021-03-02 00:18:40,995:INFO: co-RMS-loss: 172.47
2021-03-02 00:18:40,998:INFO: co-RMS-loss: 172.47
2021-03-02 00:18:41,003:INFO: co-RMS-loss: 172.47
2021-03-02 00:18:41,008:INFO: co-RMS-loss: 172.47
2021-03-02 00:18:41,011:INFO: co-RMS-loss: 172.47
2021-03-02 00:18:41,013:INFO: co-RMS-loss: 172.47
2021-03-02 00:18:41,017:INFO: co-RMS-loss: 172.47
2021-03-02 00:18:41,023:INFO: co-RMS-loss: 172.47
2021-03-02 00:18:41,027:INFO: co-RMS-loss: 172.47
2021-03-02 00:18:41,029:INFO: co-RMS-loss: 172.47
2021-03-02 00:18:41,032:INFO: co-RMS-loss: 172.47
2021-03-02 00:18:41,038:INFO: co-RMS-loss: 172.47
2021-03-02 00:18:41,043:INFO: co-RMS-loss: 172.47
2021-03-02 00:18:41,046:INFO: co-RMS-loss: 172.47
2021-03-02 00:18:41,049:INFO: co-RMS-loss: 172.47
2021-03-02 00:18:41,054:INFO: co-RMS-loss: 172.47
2021-03-02 00:18:41,058:INFO: co-RMS-loss: 172.47
2021-03-02 00:18:41,061:INFO: co-RMS-loss: 172.47
2021-03-02 00:18:41,064:INFO: co-RMS-loss: 172.47
2021-03-02 00:18:41,068:INFO: co-RMS-loss: 172.47
2021-03-02 00:18:41,073:INFO: co-RMS-loss: 172.47
2021-03-02 00:18:41,077:INFO: co-RMS-loss: 172.47
2021-03-02 00:18:41,080:INFO: co-RMS-loss: 172.47
2021-03-02 00:18:41,083:INFO: co-RMS-loss: 172.47
2021-03-02 00:18:41,087:INFO: co-RMS-loss: 172.47
2021-03-02 00:18:41,092:INFO: co-RMS-loss: 172.47
2021-03-02 00:18:41,095:INFO: co-RMS-loss: 172.47
2021-03-02 00:18:41,097:INFO: co-RMS-loss: 172.47
2021-03-02 00:18:41,102:INFO: co-RMS-loss: 172.47
2021-03-02 00:18:41,107:INFO: co-RMS-loss: 172.47
2021-03-02 00:18:41,111:INFO: co-RMS-loss: 172.47
2021-03-02 00:18:41,113:INFO: co-RMS-loss: 172.47
2021-03-02 00:18:41,117:INFO: co-RMS-loss: 172.47
2021-03-02 00:18:41,123:INFO: co-RMS-loss: 172.47
2021-03-02 00:18:41,127:INFO: co-RMS-loss: 172.47
2021-03-02 00:18:41,130:INFO: co-RMS-loss: 172.47
2021-03-02 00:18:41,134:INFO: co-RMS-loss: 172.47
2021-03-02 00:18:41,141:INFO: co-RMS-loss: 172.47
2021-03-02 00:18:41,144:INFO: co-RMS-loss: 172.47
2021-03-02 00:18:41,147:INFO: co-RMS-loss: 172.47
2021-03-02 00:18:41,151:INFO: co-RMS-loss: 172.47
2021-03-02 00:18:41,156:INFO: co-RMS-loss: 172.47
2021-03-02 00:18:41,160:INFO: co-RMS-loss: 172.47
2021-03-02 00:18:41,163:INFO: co-RMS-loss: 172.47
2021-03-02 00:18:41,166:INFO: co-RMS-loss: 172.47
2021-03-02 00:18:41,171:INFO: co-RMS-loss: 172.47
2021-03-02 00:18:41,176:INFO: co-RMS-loss: 172.47
2021-03-02 00:18:41,179:INFO: co-RMS-loss: 172.47
2021-03-02 00:18:41,181:INFO: co-RMS-loss: 172.47
2021-03-02 00:18:41,185:INFO: co-RMS-loss: 172.47
2021-03-02 00:18:41,191:INFO: co-RMS-loss: 172.47
2021-03-02 00:18:41,194:INFO: co-RMS-loss: 172.47
2021-03-02 00:18:41,197:INFO: co-RMS-loss: 172.47
2021-03-02 00:18:41,200:INFO: co-RMS-loss: 172.47
2021-03-02 00:18:41,205:INFO: co-RMS-loss: 172.47
2021-03-02 00:18:41,210:INFO: co-RMS-loss: 172.47
2021-03-02 00:18:41,213:INFO: co-RMS-loss: 172.47
2021-03-02 00:18:41,215:INFO: co-RMS-loss: 172.47
2021-03-02 00:18:41,220:INFO: co-RMS-loss: 172.47
2021-03-02 00:18:41,225:INFO: co-RMS-loss: 172.47
2021-03-02 00:18:41,228:INFO: co-RMS-loss: 172.47
2021-03-02 00:18:41,231:INFO: co-RMS-loss: 172.47
2021-03-02 00:18:41,234:INFO: co-RMS-loss: 172.47
2021-03-02 00:18:41,240:INFO: co-RMS-loss: 172.47
2021-03-02 00:18:41,243:INFO: co-RMS-loss: 172.47
2021-03-02 00:18:41,246:INFO: co-RMS-loss: 172.47
2021-03-02 00:18:41,249:INFO: co-RMS-loss: 172.47
2021-03-02 00:18:41,253:INFO: co-RMS-loss: 172.47
2021-03-02 00:18:41,258:INFO: co-RMS-loss: 172.47
2021-03-02 00:18:41,261:INFO: co-RMS-loss: 172.47
2021-03-02 00:18:41,264:INFO: co-RMS-loss: 172.47
2021-03-02 00:18:41,267:INFO: co-RMS-loss: 172.47
2021-03-02 00:18:41,272:INFO: co-RMS-loss: 172.47
2021-03-02 00:18:41,276:INFO: co-RMS-loss: 172.47
2021-03-02 00:18:41,279:INFO: co-RMS-loss: 172.47
2021-03-02 00:18:41,282:INFO: co-RMS-loss: 172.47
2021-03-02 00:18:41,286:INFO: co-RMS-loss: 172.47
2021-03-02 00:18:41,291:INFO: co-RMS-loss: 172.47
2021-03-02 00:18:41,294:INFO: co-RMS-loss: 172.47
2021-03-02 00:18:41,297:INFO: co-RMS-loss: 172.47
2021-03-02 00:18:41,303:INFO: co-RMS-loss: 172.47
2021-03-02 00:18:41,308:INFO: co-RMS-loss: 172.47
2021-03-02 00:18:41,311:INFO: co-RMS-loss: 172.47
2021-03-02 00:18:41,314:INFO: co-RMS-loss: 172.47
2021-03-02 00:18:41,318:INFO: co-RMS-loss: 172.47
2021-03-02 00:18:41,322:INFO: co-RMS-loss: 172.47
2021-03-02 00:18:41,327:INFO: co-RMS-loss: 172.47
2021-03-02 00:18:41,330:INFO: co-RMS-loss: 172.47
2021-03-02 00:18:41,333:INFO: co-RMS-loss: 172.47
2021-03-02 00:18:41,339:INFO: co-RMS-loss: 172.47
2021-03-02 00:18:41,343:INFO: co-RMS-loss: 172.47
2021-03-02 00:18:41,346:INFO: co-RMS-loss: 172.47
2021-03-02 00:18:41,349:INFO: co-RMS-loss: 172.47
2021-03-02 00:18:41,355:INFO: co-RMS-loss: 172.47
2021-03-02 00:18:41,359:INFO: co-RMS-loss: 172.47
2021-03-02 00:18:41,362:INFO: co-RMS-loss: 172.47
2021-03-02 00:18:41,365:INFO: co-RMS-loss: 172.47
2021-03-02 00:18:41,369:INFO: co-RMS-loss: 172.47
2021-03-02 00:18:41,375:INFO: co-RMS-loss: 172.47
2021-03-02 00:18:41,378:INFO: co-RMS-loss: 172.47
2021-03-02 00:18:41,381:INFO: co-RMS-loss: 172.47
2021-03-02 00:18:41,386:INFO: co-RMS-loss: 172.47
2021-03-02 00:18:41,391:INFO: co-RMS-loss: 172.47
2021-03-02 00:18:41,394:INFO: co-RMS-loss: 172.47
2021-03-02 00:18:41,397:INFO: co-RMS-loss: 172.47
2021-03-02 00:18:41,401:INFO: co-RMS-loss: 172.47
2021-03-02 00:18:41,406:INFO: co-RMS-loss: 172.47
2021-03-02 00:18:41,410:INFO: co-RMS-loss: 172.47
2021-03-02 00:18:41,413:INFO: co-RMS-loss: 172.47
2021-03-02 00:18:41,415:INFO: co-RMS-loss: 172.47
2021-03-02 00:18:41,420:INFO: co-RMS-loss: 172.47
2021-03-02 00:18:41,424:INFO: co-RMS-loss: 172.47
2021-03-02 00:18:41,427:INFO: co-RMS-loss: 172.47
2021-03-02 00:18:41,430:INFO: co-RMS-loss: 172.47
2021-03-02 00:18:41,433:INFO: co-RMS-loss: 172.47
2021-03-02 00:18:41,437:INFO: co-RMS-loss: 172.47
2021-03-02 00:18:41,442:INFO: co-RMS-loss: 172.47
2021-03-02 00:18:41,444:INFO: co-RMS-loss: 172.47
2021-03-02 00:18:41,447:INFO: co-RMS-loss: 172.47
2021-03-02 00:18:41,451:INFO: co-RMS-loss: 172.47
2021-03-02 00:18:41,457:INFO: co-RMS-loss: 172.47
2021-03-02 00:18:41,461:INFO: co-RMS-loss: 172.47
2021-03-02 00:18:41,463:INFO: co-RMS-loss: 172.47
2021-03-02 00:18:41,467:INFO: co-RMS-loss: 172.47
2021-03-02 00:18:41,473:INFO: co-RMS-loss: 172.47
2021-03-02 00:18:41,476:INFO: co-RMS-loss: 172.47
2021-03-02 00:18:41,480:INFO: co-RMS-loss: 172.47
2021-03-02 00:18:41,483:INFO: co-RMS-loss: 172.47
2021-03-02 00:18:41,487:INFO: co-RMS-loss: 172.47
2021-03-02 00:18:41,492:INFO: co-RMS-loss: 172.47
2021-03-02 00:18:41,495:INFO: co-RMS-loss: 172.47
2021-03-02 00:18:41,497:INFO: co-RMS-loss: 172.47
2021-03-02 00:18:41,502:INFO: co-RMS-loss: 172.47
2021-03-02 00:18:41,508:INFO: co-RMS-loss: 172.47
2021-03-02 00:18:41,511:INFO: co-RMS-loss: 172.47
2021-03-02 00:18:41,514:INFO: co-RMS-loss: 172.47
2021-03-02 00:18:41,519:INFO: co-RMS-loss: 172.47
2021-03-02 00:18:41,525:INFO: co-RMS-loss: 172.47
2021-03-02 00:18:41,527:INFO: co-RMS-loss: 172.47
2021-03-02 00:18:41,530:INFO: co-RMS-loss: 172.47
2021-03-02 00:18:41,533:INFO: co-RMS-loss: 172.47
2021-03-02 00:18:41,539:INFO: co-RMS-loss: 172.47
2021-03-02 00:18:41,544:INFO: co-RMS-loss: 172.47
2021-03-02 00:18:41,547:INFO: co-RMS-loss: 172.47
2021-03-02 00:18:41,551:INFO: co-RMS-loss: 172.47
2021-03-02 00:18:41,557:INFO: co-RMS-loss: 172.47
2021-03-02 00:18:41,560:INFO: co-RMS-loss: 172.47
2021-03-02 00:18:41,563:INFO: co-RMS-loss: 172.47
2021-03-02 00:18:41,566:INFO: co-RMS-loss: 172.47
2021-03-02 00:18:41,570:INFO: co-RMS-loss: 172.47
2021-03-02 00:18:41,575:INFO: co-RMS-loss: 172.47
2021-03-02 00:18:41,578:INFO: co-RMS-loss: 172.47
2021-03-02 00:18:41,580:INFO: co-RMS-loss: 172.47
2021-03-02 00:18:41,584:INFO: co-RMS-loss: 172.47
2021-03-02 00:18:41,589:INFO: co-RMS-loss: 172.47
2021-03-02 00:18:41,593:INFO: co-RMS-loss: 172.47
2021-03-02 00:18:41,596:INFO: co-RMS-loss: 172.47
2021-03-02 00:18:41,599:INFO: co-RMS-loss: 172.47
2021-03-02 00:18:41,604:INFO: co-RMS-loss: 172.47
2021-03-02 00:18:41,609:INFO: co-RMS-loss: 172.47
2021-03-02 00:18:41,612:INFO: co-RMS-loss: 172.47
2021-03-02 00:18:41,615:INFO: co-RMS-loss: 172.47
2021-03-02 00:18:41,620:INFO: co-RMS-loss: 172.47
2021-03-02 00:18:41,625:INFO: co-RMS-loss: 172.47
2021-03-02 00:18:41,628:INFO: co-RMS-loss: 172.47
2021-03-02 00:18:41,630:INFO: co-RMS-loss: 172.47
2021-03-02 00:18:41,634:INFO: co-RMS-loss: 172.47
2021-03-02 00:18:41,639:INFO: co-RMS-loss: 172.47
2021-03-02 00:18:41,643:INFO: co-RMS-loss: 172.47
2021-03-02 00:18:41,646:INFO: co-RMS-loss: 172.47
2021-03-02 00:18:41,649:INFO: co-RMS-loss: 172.47
2021-03-02 00:18:41,655:INFO: co-RMS-loss: 172.47
2021-03-02 00:18:41,659:INFO: co-RMS-loss: 172.47
2021-03-02 00:18:41,663:INFO: co-RMS-loss: 172.47
2021-03-02 00:18:41,665:INFO: co-RMS-loss: 172.47
2021-03-02 00:18:41,670:INFO: co-RMS-loss: 172.47
2021-03-02 00:18:41,675:INFO: co-RMS-loss: 172.47
2021-03-02 00:18:41,677:INFO: co-RMS-loss: 172.47
2021-03-02 00:18:41,680:INFO: co-RMS-loss: 172.47
2021-03-02 00:18:41,684:INFO: co-RMS-loss: 172.47
2021-03-02 00:18:41,690:INFO: co-RMS-loss: 172.47
2021-03-02 00:18:41,694:INFO: co-RMS-loss: 172.47
2021-03-02 00:18:41,696:INFO: co-RMS-loss: 172.47
2021-03-02 00:18:41,700:INFO: co-RMS-loss: 172.47
2021-03-02 00:18:41,704:INFO: co-RMS-loss: 172.47
2021-03-02 00:18:41,709:INFO: co-RMS-loss: 172.47
2021-03-02 00:18:41,712:INFO: co-RMS-loss: 172.47
2021-03-02 00:18:41,714:INFO: co-RMS-loss: 172.47
2021-03-02 00:18:41,720:INFO: co-RMS-loss: 172.47
2021-03-02 00:18:41,725:INFO: co-RMS-loss: 172.47
2021-03-02 00:18:41,728:INFO: co-RMS-loss: 172.47
2021-03-02 00:18:41,730:INFO: co-RMS-loss: 172.47
2021-03-02 00:18:41,734:INFO: co-RMS-loss: 172.47
2021-03-02 00:18:41,739:INFO: co-RMS-loss: 172.47
2021-03-02 00:18:41,743:INFO: co-RMS-loss: 172.47
2021-03-02 00:18:41,746:INFO: co-RMS-loss: 172.47
2021-03-02 00:18:41,750:INFO: co-RMS-loss: 172.47
2021-03-02 00:18:41,754:INFO: co-RMS-loss: 172.47
2021-03-02 00:18:41,759:INFO: co-RMS-loss: 172.47
2021-03-02 00:18:41,762:INFO: co-RMS-loss: 172.47
2021-03-02 00:18:41,769:INFO: co-RMS-loss: 172.47
2021-03-02 00:18:41,775:INFO: co-RMS-loss: 172.47
2021-03-02 00:18:41,780:INFO: co-RMS-loss: 172.47
2021-03-02 00:18:41,784:INFO: co-RMS-loss: 172.47
2021-03-02 00:18:41,790:INFO: co-RMS-loss: 172.47
2021-03-02 00:18:41,794:INFO: co-RMS-loss: 172.47
2021-03-02 00:18:41,797:INFO: co-RMS-loss: 172.47
2021-03-02 00:18:41,801:INFO: co-RMS-loss: 172.47
2021-03-02 00:18:41,806:INFO: co-RMS-loss: 172.47
2021-03-02 00:18:41,810:INFO: co-RMS-loss: 172.47
2021-03-02 00:18:41,813:INFO: co-RMS-loss: 172.47
2021-03-02 00:18:41,816:INFO: co-RMS-loss: 172.47
2021-03-02 00:18:41,821:INFO: co-RMS-loss: 172.47
2021-03-02 00:18:41,825:INFO: co-RMS-loss: 172.47
2021-03-02 00:18:41,829:INFO: co-RMS-loss: 172.47
2021-03-02 00:18:41,831:INFO: co-RMS-loss: 172.47
2021-03-02 00:18:41,837:INFO: co-RMS-loss: 172.47
2021-03-02 00:18:41,841:INFO: co-RMS-loss: 172.47
2021-03-02 00:18:41,845:INFO: co-RMS-loss: 172.47
2021-03-02 00:18:41,849:INFO: co-RMS-loss: 172.47
2021-03-02 00:18:41,855:INFO: co-RMS-loss: 172.47
2021-03-02 00:18:41,861:INFO: co-RMS-loss: 172.47
2021-03-02 00:18:41,867:INFO: co-RMS-loss: 172.47
2021-03-02 00:18:41,874:INFO: co-RMS-loss: 172.47
2021-03-02 00:18:41,880:INFO: co-RMS-loss: 172.47
2021-03-02 00:18:41,886:INFO: co-RMS-loss: 172.47
2021-03-02 00:18:41,893:INFO: co-RMS-loss: 172.47
2021-03-02 00:18:41,898:INFO: co-RMS-loss: 172.47
2021-03-02 00:18:41,904:INFO: co-RMS-loss: 172.47
2021-03-02 00:18:41,910:INFO: co-RMS-loss: 172.47
2021-03-02 00:18:41,913:INFO: co-RMS-loss: 172.47
2021-03-02 00:18:41,918:INFO: co-RMS-loss: 172.47
2021-03-02 00:18:41,923:INFO: co-RMS-loss: 172.47
2021-03-02 00:18:41,927:INFO: co-RMS-loss: 172.47
2021-03-02 00:18:41,929:INFO: co-RMS-loss: 172.47
2021-03-02 00:18:41,933:INFO: co-RMS-loss: 172.47
2021-03-02 00:18:41,939:INFO: co-RMS-loss: 172.47
2021-03-02 00:18:41,943:INFO: co-RMS-loss: 172.47
2021-03-02 00:18:41,960:INFO: co-RMS-loss: 172.47
2021-03-02 00:18:41,963:INFO: co-RMS-loss: 172.47
2021-03-02 00:18:41,968:INFO: co-RMS-loss: 172.47
2021-03-02 00:18:41,971:INFO: co-RMS-loss: 172.47
2021-03-02 00:18:41,974:INFO: co-RMS-loss: 172.47
2021-03-02 00:18:41,976:INFO: co-RMS-loss: 172.47
2021-03-02 00:18:41,978:INFO: co-RMS-loss: 172.47
2021-03-02 00:18:41,981:INFO: co-RMS-loss: 172.47
2021-03-02 00:18:41,987:INFO: co-RMS-loss: 172.47
2021-03-02 00:18:41,993:INFO: co-RMS-loss: 172.47
2021-03-02 00:18:41,996:INFO: co-RMS-loss: 172.47
2021-03-02 00:18:42,001:INFO: co-RMS-loss: 172.47
2021-03-02 00:18:42,006:INFO: co-RMS-loss: 172.47
2021-03-02 00:18:42,010:INFO: co-RMS-loss: 172.47
2021-03-02 00:18:42,013:INFO: co-RMS-loss: 172.47
2021-03-02 00:18:42,017:INFO: co-RMS-loss: 172.47
2021-03-02 00:18:42,023:INFO: co-RMS-loss: 172.47
2021-03-02 00:18:42,028:INFO: co-RMS-loss: 172.47
2021-03-02 00:18:42,031:INFO: co-RMS-loss: 172.47
2021-03-02 00:18:42,037:INFO: co-RMS-loss: 172.47
2021-03-02 00:18:42,043:INFO: co-RMS-loss: 172.47
2021-03-02 00:18:42,047:INFO: co-RMS-loss: 172.47
2021-03-02 00:18:42,051:INFO: co-RMS-loss: 172.47
2021-03-02 00:18:42,058:INFO: co-RMS-loss: 172.47
2021-03-02 00:18:42,062:INFO: co-RMS-loss: 172.47
2021-03-02 00:18:42,066:INFO: co-RMS-loss: 172.47
2021-03-02 00:18:42,072:INFO: co-RMS-loss: 172.47
2021-03-02 00:18:42,077:INFO: co-RMS-loss: 172.47
2021-03-02 00:18:42,080:INFO: co-RMS-loss: 172.47
2021-03-02 00:18:42,085:INFO: co-RMS-loss: 172.47
2021-03-02 00:18:42,090:INFO: co-RMS-loss: 172.47
2021-03-02 00:18:42,094:INFO: co-RMS-loss: 172.47
2021-03-02 00:18:42,096:INFO: co-RMS-loss: 172.47
2021-03-02 00:18:42,099:INFO: co-RMS-loss: 172.47
2021-03-02 00:18:42,104:INFO: co-RMS-loss: 172.47
2021-03-02 00:18:42,108:INFO: co-RMS-loss: 172.47
2021-03-02 00:18:42,111:INFO: co-RMS-loss: 172.47
2021-03-02 00:18:42,114:INFO: co-RMS-loss: 172.47
2021-03-02 00:18:42,117:INFO: co-RMS-loss: 172.47
2021-03-02 00:18:42,122:INFO: co-RMS-loss: 172.47
2021-03-02 00:18:42,126:INFO: co-RMS-loss: 172.47
2021-03-02 00:18:42,129:INFO: co-RMS-loss: 172.47
2021-03-02 00:18:42,131:INFO: co-RMS-loss: 172.47
2021-03-02 00:18:42,136:INFO: co-RMS-loss: 172.47
2021-03-02 00:18:42,141:INFO: co-RMS-loss: 172.47
2021-03-02 00:18:42,144:INFO: co-RMS-loss: 172.47
2021-03-02 00:18:42,147:INFO: co-RMS-loss: 172.47
2021-03-02 00:18:42,151:INFO: co-RMS-loss: 172.47
2021-03-02 00:18:42,156:INFO: co-RMS-loss: 172.47
2021-03-02 00:18:42,160:INFO: co-RMS-loss: 172.47
2021-03-02 00:18:42,163:INFO: co-RMS-loss: 172.47
2021-03-02 00:18:42,166:INFO: co-RMS-loss: 172.47
2021-03-02 00:18:42,170:INFO: co-RMS-loss: 172.47
2021-03-02 00:18:42,174:INFO: co-RMS-loss: 172.47
2021-03-02 00:18:42,177:INFO: co-RMS-loss: 172.47
2021-03-02 00:18:42,181:INFO: co-RMS-loss: 172.47
2021-03-02 00:18:42,187:INFO: co-RMS-loss: 172.47
2021-03-02 00:18:42,191:INFO: co-RMS-loss: 172.47
2021-03-02 00:18:42,194:INFO: co-RMS-loss: 172.47
2021-03-02 00:18:42,197:INFO: co-RMS-loss: 172.47
2021-03-02 00:18:42,203:INFO: co-RMS-loss: 172.47
2021-03-02 00:18:42,207:INFO: co-RMS-loss: 172.47
2021-03-02 00:18:42,210:INFO: co-RMS-loss: 172.47
2021-03-02 00:18:42,213:INFO: co-RMS-loss: 172.47
2021-03-02 00:18:42,217:INFO: co-RMS-loss: 172.47
2021-03-02 00:18:42,221:INFO: co-RMS-loss: 172.47
2021-03-02 00:18:42,225:INFO: co-RMS-loss: 172.47
2021-03-02 00:18:42,228:INFO: co-RMS-loss: 172.47
2021-03-02 00:18:42,231:INFO: co-RMS-loss: 172.47
2021-03-02 00:18:42,236:INFO: co-RMS-loss: 172.47
2021-03-02 00:18:42,242:INFO: co-RMS-loss: 172.47
2021-03-02 00:18:42,244:INFO: co-RMS-loss: 172.47
2021-03-02 00:18:42,247:INFO: co-RMS-loss: 172.47
2021-03-02 00:18:42,251:INFO: co-RMS-loss: 172.47
2021-03-02 00:18:42,257:INFO: co-RMS-loss: 172.47
2021-03-02 00:18:42,260:INFO: co-RMS-loss: 172.47
2021-03-02 00:18:42,263:INFO: co-RMS-loss: 172.47
2021-03-02 00:18:42,267:INFO: co-RMS-loss: 172.47
2021-03-02 00:18:42,273:INFO: co-RMS-loss: 172.47
2021-03-02 00:18:42,277:INFO: co-RMS-loss: 172.47
2021-03-02 00:18:42,280:INFO: co-RMS-loss: 172.47
2021-03-02 00:18:42,284:INFO: co-RMS-loss: 172.47
2021-03-02 00:18:42,288:INFO: co-RMS-loss: 172.47
2021-03-02 00:18:42,293:INFO: co-RMS-loss: 172.47
2021-03-02 00:18:42,296:INFO: co-RMS-loss: 172.47
2021-03-02 00:18:42,298:INFO: co-RMS-loss: 172.47
2021-03-02 00:18:42,303:INFO: co-RMS-loss: 172.47
2021-03-02 00:18:42,307:INFO: co-RMS-loss: 172.47
2021-03-02 00:18:42,311:INFO: co-RMS-loss: 172.47
2021-03-02 00:18:42,314:INFO: co-RMS-loss: 172.47
2021-03-02 00:18:42,318:INFO: co-RMS-loss: 172.47
2021-03-02 00:18:42,324:INFO: co-RMS-loss: 172.47
2021-03-02 00:18:42,328:INFO: co-RMS-loss: 172.47
2021-03-02 00:18:42,330:INFO: co-RMS-loss: 172.47
2021-03-02 00:18:42,334:INFO: co-RMS-loss: 172.47
2021-03-02 00:18:42,339:INFO: co-RMS-loss: 172.47
2021-03-02 00:18:42,343:INFO: co-RMS-loss: 172.47
2021-03-02 00:18:42,346:INFO: co-RMS-loss: 172.47
2021-03-02 00:18:42,349:INFO: co-RMS-loss: 172.47
2021-03-02 00:18:42,354:INFO: co-RMS-loss: 172.47
2021-03-02 00:18:42,358:INFO: co-RMS-loss: 172.47
2021-03-02 00:18:42,361:INFO: co-RMS-loss: 172.47
2021-03-02 00:18:42,364:INFO: co-RMS-loss: 172.47
2021-03-02 00:18:42,368:INFO: co-RMS-loss: 172.47
2021-03-02 00:18:42,375:INFO: co-RMS-loss: 172.47
2021-03-02 00:18:42,378:INFO: co-RMS-loss: 172.47
2021-03-02 00:18:42,381:INFO: co-RMS-loss: 172.47
2021-03-02 00:18:42,386:INFO: co-RMS-loss: 172.47
2021-03-02 00:18:42,391:INFO: co-RMS-loss: 172.47
2021-03-02 00:18:42,394:INFO: co-RMS-loss: 172.47
2021-03-02 00:18:42,397:INFO: co-RMS-loss: 172.47
2021-03-02 00:18:42,403:INFO: co-RMS-loss: 172.47
2021-03-02 00:18:42,409:INFO: co-RMS-loss: 172.47
2021-03-02 00:18:42,412:INFO: co-RMS-loss: 172.47
2021-03-02 00:18:42,415:INFO: co-RMS-loss: 172.47
2021-03-02 00:18:42,421:INFO: co-RMS-loss: 172.47
2021-03-02 00:18:42,425:INFO: co-RMS-loss: 172.47
2021-03-02 00:18:42,428:INFO: co-RMS-loss: 172.47
2021-03-02 00:18:42,431:INFO: co-RMS-loss: 172.47
2021-03-02 00:18:42,436:INFO: co-RMS-loss: 172.47
2021-03-02 00:18:42,441:INFO: co-RMS-loss: 172.47
2021-03-02 00:18:42,444:INFO: co-RMS-loss: 172.47
2021-03-02 00:18:42,447:INFO: co-RMS-loss: 172.47
2021-03-02 00:18:42,451:INFO: co-RMS-loss: 172.47
2021-03-02 00:18:42,456:INFO: co-RMS-loss: 172.47
2021-03-02 00:18:42,460:INFO: co-RMS-loss: 172.47
2021-03-02 00:18:42,463:INFO: co-RMS-loss: 172.47
2021-03-02 00:18:42,466:INFO: co-RMS-loss: 172.47
2021-03-02 00:18:42,471:INFO: co-RMS-loss: 172.47
2021-03-02 00:18:42,475:INFO: co-RMS-loss: 172.47
2021-03-02 00:18:42,478:INFO: co-RMS-loss: 172.47
2021-03-02 00:18:42,482:INFO: co-RMS-loss: 172.47
2021-03-02 00:18:42,486:INFO: co-RMS-loss: 172.47
2021-03-02 00:18:42,491:INFO: co-RMS-loss: 172.47
2021-03-02 00:18:42,494:INFO: co-RMS-loss: 172.47
2021-03-02 00:18:42,497:INFO: co-RMS-loss: 172.47
2021-03-02 00:18:42,501:INFO: co-RMS-loss: 172.47
2021-03-02 00:18:42,506:INFO: co-RMS-loss: 172.47
2021-03-02 00:18:42,510:INFO: co-RMS-loss: 172.47
2021-03-02 00:18:42,513:INFO: co-RMS-loss: 172.47
2021-03-02 00:18:42,516:INFO: co-RMS-loss: 172.47
2021-03-02 00:18:42,522:INFO: co-RMS-loss: 172.47
2021-03-02 00:18:42,526:INFO: co-RMS-loss: 172.47
2021-03-02 00:18:42,529:INFO: co-RMS-loss: 172.47
2021-03-02 00:18:42,532:INFO: co-RMS-loss: 172.47
2021-03-02 00:18:42,538:INFO: co-RMS-loss: 172.47
2021-03-02 00:18:42,542:INFO: co-RMS-loss: 172.47
2021-03-02 00:18:42,545:INFO: co-RMS-loss: 172.47
2021-03-02 00:18:42,548:INFO: co-RMS-loss: 172.47
2021-03-02 00:18:42,553:INFO: co-RMS-loss: 172.47
2021-03-02 00:18:42,558:INFO: co-RMS-loss: 172.47
2021-03-02 00:18:42,560:INFO: co-RMS-loss: 172.47
2021-03-02 00:18:42,563:INFO: co-RMS-loss: 172.47
2021-03-02 00:18:42,567:INFO: co-RMS-loss: 172.47
2021-03-02 00:18:42,572:INFO: co-RMS-loss: 172.47
2021-03-02 00:18:42,576:INFO: co-RMS-loss: 172.47
2021-03-02 00:18:42,580:INFO: co-RMS-loss: 172.47
2021-03-02 00:18:42,584:INFO: co-RMS-loss: 172.47
2021-03-02 00:18:42,588:INFO: co-RMS-loss: 172.47
2021-03-02 00:18:42,593:INFO: co-RMS-loss: 172.47
2021-03-02 00:18:42,595:INFO: co-RMS-loss: 172.47
2021-03-02 00:18:42,599:INFO: co-RMS-loss: 172.47
2021-03-02 00:18:42,603:INFO: co-RMS-loss: 172.47
2021-03-02 00:18:42,608:INFO: co-RMS-loss: 172.47
2021-03-02 00:18:42,611:INFO: co-RMS-loss: 172.47
2021-03-02 00:18:42,613:INFO: co-RMS-loss: 172.47
2021-03-02 00:18:42,617:INFO: co-RMS-loss: 172.47
2021-03-02 00:18:42,621:INFO: co-RMS-loss: 172.47
2021-03-02 00:18:42,626:INFO: co-RMS-loss: 172.47
2021-03-02 00:18:42,629:INFO: co-RMS-loss: 172.47
2021-03-02 00:18:42,632:INFO: co-RMS-loss: 172.47
2021-03-02 00:18:42,638:INFO: co-RMS-loss: 172.47
2021-03-02 00:18:42,642:INFO: co-RMS-loss: 172.47
2021-03-02 00:18:42,645:INFO: co-RMS-loss: 172.47
2021-03-02 00:18:42,647:INFO: co-RMS-loss: 172.47
2021-03-02 00:18:42,652:INFO: co-RMS-loss: 172.47
2021-03-02 00:18:42,658:INFO: co-RMS-loss: 172.47
2021-03-02 00:18:42,660:INFO: co-RMS-loss: 172.47
2021-03-02 00:18:42,664:INFO: co-RMS-loss: 172.47
2021-03-02 00:18:42,670:INFO: co-RMS-loss: 172.47
2021-03-02 00:18:42,675:INFO: co-RMS-loss: 172.47
2021-03-02 00:18:42,679:INFO: co-RMS-loss: 172.47
2021-03-02 00:18:42,682:INFO: co-RMS-loss: 172.47
2021-03-02 00:18:42,687:INFO: co-RMS-loss: 172.47
2021-03-02 00:18:42,692:INFO: co-RMS-loss: 172.47
2021-03-02 00:18:42,694:INFO: co-RMS-loss: 172.47
2021-03-02 00:18:42,697:INFO: co-RMS-loss: 172.47
2021-03-02 00:18:42,702:INFO: co-RMS-loss: 172.47
2021-03-02 00:18:42,707:INFO: co-RMS-loss: 172.47
2021-03-02 00:18:42,710:INFO: co-RMS-loss: 172.47
2021-03-02 00:18:42,713:INFO: co-RMS-loss: 172.47
2021-03-02 00:18:42,717:INFO: co-RMS-loss: 172.47
2021-03-02 00:18:42,722:INFO: co-RMS-loss: 172.47
2021-03-02 00:18:42,726:INFO: co-RMS-loss: 172.47
2021-03-02 00:18:42,729:INFO: co-RMS-loss: 172.47
2021-03-02 00:18:42,732:INFO: co-RMS-loss: 172.47
2021-03-02 00:18:42,739:INFO: co-RMS-loss: 172.47
2021-03-02 00:18:42,743:INFO: co-RMS-loss: 172.47
2021-03-02 00:18:42,746:INFO: co-RMS-loss: 172.47
2021-03-02 00:18:42,749:INFO: co-RMS-loss: 172.47
2021-03-02 00:18:42,753:INFO: co-RMS-loss: 172.47
2021-03-02 00:18:42,758:INFO: co-RMS-loss: 172.47
2021-03-02 00:18:42,761:INFO: co-RMS-loss: 172.47
2021-03-02 00:18:42,766:INFO: co-RMS-loss: 172.47
2021-03-02 00:18:42,776:INFO: co-RMS-loss: 172.47
2021-03-02 00:18:42,780:INFO: co-RMS-loss: 172.47
2021-03-02 00:18:42,784:INFO: co-RMS-loss: 172.47
2021-03-02 00:18:42,792:INFO: co-RMS-loss: 172.47
2021-03-02 00:18:42,795:INFO: co-RMS-loss: 172.47
2021-03-02 00:18:42,798:INFO: co-RMS-loss: 172.47
2021-03-02 00:18:42,802:INFO: co-RMS-loss: 172.47
2021-03-02 00:18:42,808:INFO: co-RMS-loss: 172.47
2021-03-02 00:18:42,811:INFO: co-RMS-loss: 172.47
2021-03-02 00:18:42,814:INFO: co-RMS-loss: 172.47
2021-03-02 00:18:42,820:INFO: co-RMS-loss: 172.47
2021-03-02 00:18:42,825:INFO: co-RMS-loss: 172.47
2021-03-02 00:18:42,828:INFO: co-RMS-loss: 172.47
2021-03-02 00:18:42,832:INFO: co-RMS-loss: 172.47
2021-03-02 00:18:42,837:INFO: co-RMS-loss: 172.47
2021-03-02 00:18:42,842:INFO: co-RMS-loss: 172.47
2021-03-02 00:18:42,845:INFO: co-RMS-loss: 172.47
2021-03-02 00:18:42,847:INFO: co-RMS-loss: 172.47
2021-03-02 00:18:42,851:INFO: co-RMS-loss: 172.47
2021-03-02 00:18:42,857:INFO: co-RMS-loss: 172.47
2021-03-02 00:18:42,860:INFO: co-RMS-loss: 172.47
2021-03-02 00:18:42,863:INFO: co-RMS-loss: 172.47
2021-03-02 00:18:42,866:INFO: co-RMS-loss: 172.47
2021-03-02 00:18:42,870:INFO: co-RMS-loss: 172.47
2021-03-02 00:18:42,875:INFO: co-RMS-loss: 172.47
2021-03-02 00:18:42,878:INFO: co-RMS-loss: 172.47
2021-03-02 00:18:42,880:INFO: co-RMS-loss: 172.47
2021-03-02 00:18:42,884:INFO: co-RMS-loss: 172.47
2021-03-02 00:18:42,889:INFO: co-RMS-loss: 172.47
2021-03-02 00:18:42,893:INFO: co-RMS-loss: 172.47
2021-03-02 00:18:42,896:INFO: co-RMS-loss: 172.47
2021-03-02 00:18:42,899:INFO: co-RMS-loss: 172.47
2021-03-02 00:18:42,904:INFO: co-RMS-loss: 172.47
2021-03-02 00:18:42,909:INFO: co-RMS-loss: 172.47
2021-03-02 00:18:42,911:INFO: co-RMS-loss: 172.47
2021-03-02 00:18:42,914:INFO: co-RMS-loss: 172.47
2021-03-02 00:18:42,919:INFO: co-RMS-loss: 172.47
2021-03-02 00:18:42,924:INFO: co-RMS-loss: 172.47
2021-03-02 00:18:42,927:INFO: co-RMS-loss: 172.47
2021-03-02 00:18:42,929:INFO: co-RMS-loss: 172.47
2021-03-02 00:18:42,933:INFO: co-RMS-loss: 172.47
2021-03-02 00:18:42,939:INFO: co-RMS-loss: 172.47
2021-03-02 00:18:42,942:INFO: co-RMS-loss: 172.47
2021-03-02 00:18:42,948:INFO: co-RMS-loss: 172.47
2021-03-02 00:18:42,954:INFO: co-RMS-loss: 172.47
2021-03-02 00:18:42,958:INFO: co-RMS-loss: 172.47
2021-03-02 00:18:42,963:INFO: co-RMS-loss: 172.47
2021-03-02 00:18:42,968:INFO: co-RMS-loss: 172.47
2021-03-02 00:18:42,975:INFO: co-RMS-loss: 172.47
2021-03-02 00:18:42,979:INFO: co-RMS-loss: 172.47
2021-03-02 00:18:42,983:INFO: co-RMS-loss: 172.47
2021-03-02 00:18:42,988:INFO: co-RMS-loss: 172.47
2021-03-02 00:18:42,993:INFO: co-RMS-loss: 172.47
2021-03-02 00:18:42,997:INFO: co-RMS-loss: 172.47
2021-03-02 00:18:43,003:INFO: co-RMS-loss: 172.47
2021-03-02 00:18:43,008:INFO: co-RMS-loss: 172.47
2021-03-02 00:18:43,011:INFO: co-RMS-loss: 172.47
2021-03-02 00:29:07,309:INFO: Loading the datasets...
2021-03-02 00:29:07,309:INFO: model...
2021-03-02 00:29:07,311:INFO: Starting training for 20 epoch(s)
2021-03-02 00:29:07,314:INFO: co-RMS-loss: 1217.86
2021-03-02 00:29:07,318:INFO: co-RMS-loss: 1176.08
2021-03-02 00:29:07,320:INFO: co-RMS-loss: 1136.25
2021-03-02 00:29:07,323:INFO: co-RMS-loss: 1098.00
2021-03-02 00:29:07,324:INFO: co-RMS-loss: 1061.29
2021-03-02 00:29:07,327:INFO: co-RMS-loss: 1026.03
2021-03-02 00:29:07,329:INFO: co-RMS-loss: 992.18
2021-03-02 00:29:07,332:INFO: co-RMS-loss: 959.68
2021-03-02 00:29:07,334:INFO: co-RMS-loss: 928.47
2021-03-02 00:29:07,335:INFO: co-RMS-loss: 898.50
2021-03-02 00:29:07,337:INFO: co-RMS-loss: 869.72
2021-03-02 00:29:07,339:INFO: co-RMS-loss: 842.08
2021-03-02 00:29:07,341:INFO: co-RMS-loss: 815.55
2021-03-02 00:29:07,343:INFO: co-RMS-loss: 790.06
2021-03-02 00:29:07,344:INFO: co-RMS-loss: 765.59
2021-03-02 00:29:07,346:INFO: co-RMS-loss: 742.09
2021-03-02 00:29:07,348:INFO: co-RMS-loss: 719.52
2021-03-02 00:29:07,350:INFO: co-RMS-loss: 697.85
2021-03-02 00:29:07,352:INFO: co-RMS-loss: 677.04
2021-03-02 00:29:07,353:INFO: co-RMS-loss: 657.05
2021-03-02 00:29:22,179:INFO: Loading the datasets...
2021-03-02 00:29:22,179:INFO: model...
2021-03-02 00:29:22,181:INFO: Starting training for 100 epoch(s)
2021-03-02 00:29:22,184:INFO: co-RMS-loss: 1217.86
2021-03-02 00:29:22,188:INFO: co-RMS-loss: 1176.08
2021-03-02 00:29:22,190:INFO: co-RMS-loss: 1136.25
2021-03-02 00:29:22,192:INFO: co-RMS-loss: 1098.00
2021-03-02 00:29:22,194:INFO: co-RMS-loss: 1061.29
2021-03-02 00:29:22,196:INFO: co-RMS-loss: 1026.03
2021-03-02 00:29:22,198:INFO: co-RMS-loss: 992.18
2021-03-02 00:29:22,200:INFO: co-RMS-loss: 959.68
2021-03-02 00:29:22,202:INFO: co-RMS-loss: 928.47
2021-03-02 00:29:22,206:INFO: co-RMS-loss: 898.50
2021-03-02 00:29:22,213:INFO: co-RMS-loss: 869.72
2021-03-02 00:29:22,216:INFO: co-RMS-loss: 842.08
2021-03-02 00:29:22,217:INFO: co-RMS-loss: 815.55
2021-03-02 00:29:22,219:INFO: co-RMS-loss: 790.06
2021-03-02 00:29:22,221:INFO: co-RMS-loss: 765.59
2021-03-02 00:29:22,223:INFO: co-RMS-loss: 742.09
2021-03-02 00:29:22,225:INFO: co-RMS-loss: 719.52
2021-03-02 00:29:22,227:INFO: co-RMS-loss: 697.85
2021-03-02 00:29:22,229:INFO: co-RMS-loss: 677.04
2021-03-02 00:29:22,230:INFO: co-RMS-loss: 657.05
2021-03-02 00:29:22,232:INFO: co-RMS-loss: 637.86
2021-03-02 00:29:22,235:INFO: co-RMS-loss: 619.43
2021-03-02 00:29:22,237:INFO: co-RMS-loss: 601.73
2021-03-02 00:29:22,240:INFO: co-RMS-loss: 584.73
2021-03-02 00:29:22,243:INFO: co-RMS-loss: 568.40
2021-03-02 00:29:22,246:INFO: co-RMS-loss: 552.73
2021-03-02 00:29:22,249:INFO: co-RMS-loss: 537.67
2021-03-02 00:29:22,251:INFO: co-RMS-loss: 523.21
2021-03-02 00:29:22,253:INFO: co-RMS-loss: 509.33
2021-03-02 00:29:22,255:INFO: co-RMS-loss: 495.99
2021-03-02 00:29:22,257:INFO: co-RMS-loss: 483.19
2021-03-02 00:29:22,258:INFO: co-RMS-loss: 470.89
2021-03-02 00:29:22,260:INFO: co-RMS-loss: 459.08
2021-03-02 00:29:22,262:INFO: co-RMS-loss: 447.73
2021-03-02 00:29:22,264:INFO: co-RMS-loss: 436.84
2021-03-02 00:29:22,267:INFO: co-RMS-loss: 426.38
2021-03-02 00:29:22,270:INFO: co-RMS-loss: 416.33
2021-03-02 00:29:22,271:INFO: co-RMS-loss: 406.68
2021-03-02 00:29:22,273:INFO: co-RMS-loss: 397.41
2021-03-02 00:29:22,275:INFO: co-RMS-loss: 388.51
2021-03-02 00:29:22,278:INFO: co-RMS-loss: 379.97
2021-03-02 00:29:22,282:INFO: co-RMS-loss: 371.76
2021-03-02 00:29:22,285:INFO: co-RMS-loss: 363.88
2021-03-02 00:29:22,287:INFO: co-RMS-loss: 356.30
2021-03-02 00:29:22,289:INFO: co-RMS-loss: 349.03
2021-03-02 00:29:22,291:INFO: co-RMS-loss: 342.05
2021-03-02 00:29:22,292:INFO: co-RMS-loss: 335.34
2021-03-02 00:29:22,294:INFO: co-RMS-loss: 328.90
2021-03-02 00:29:22,296:INFO: co-RMS-loss: 322.72
2021-03-02 00:29:22,299:INFO: co-RMS-loss: 316.78
2021-03-02 00:29:22,301:INFO: co-RMS-loss: 311.07
2021-03-02 00:29:22,303:INFO: co-RMS-loss: 305.59
2021-03-02 00:29:22,304:INFO: co-RMS-loss: 300.33
2021-03-02 00:29:22,306:INFO: co-RMS-loss: 295.27
2021-03-02 00:29:22,308:INFO: co-RMS-loss: 290.42
2021-03-02 00:29:22,311:INFO: co-RMS-loss: 285.76
2021-03-02 00:29:22,314:INFO: co-RMS-loss: 281.28
2021-03-02 00:29:22,317:INFO: co-RMS-loss: 276.98
2021-03-02 00:29:22,319:INFO: co-RMS-loss: 272.85
2021-03-02 00:29:22,321:INFO: co-RMS-loss: 268.88
2021-03-02 00:29:22,323:INFO: co-RMS-loss: 265.07
2021-03-02 00:29:22,325:INFO: co-RMS-loss: 261.41
2021-03-02 00:29:22,327:INFO: co-RMS-loss: 257.90
2021-03-02 00:29:22,330:INFO: co-RMS-loss: 254.52
2021-03-02 00:29:22,332:INFO: co-RMS-loss: 251.28
2021-03-02 00:29:22,334:INFO: co-RMS-loss: 248.17
2021-03-02 00:29:22,336:INFO: co-RMS-loss: 245.18
2021-03-02 00:29:22,338:INFO: co-RMS-loss: 242.31
2021-03-02 00:29:22,339:INFO: co-RMS-loss: 239.55
2021-03-02 00:29:22,341:INFO: co-RMS-loss: 236.90
2021-03-02 00:29:22,345:INFO: co-RMS-loss: 234.36
2021-03-02 00:29:22,348:INFO: co-RMS-loss: 231.91
2021-03-02 00:29:22,351:INFO: co-RMS-loss: 229.56
2021-03-02 00:29:22,353:INFO: co-RMS-loss: 227.31
2021-03-02 00:29:22,354:INFO: co-RMS-loss: 225.14
2021-03-02 00:29:22,356:INFO: co-RMS-loss: 223.07
2021-03-02 00:29:22,358:INFO: co-RMS-loss: 221.07
2021-03-02 00:29:22,360:INFO: co-RMS-loss: 219.15
2021-03-02 00:29:22,361:INFO: co-RMS-loss: 217.31
2021-03-02 00:29:22,363:INFO: co-RMS-loss: 215.54
2021-03-02 00:29:22,365:INFO: co-RMS-loss: 213.84
2021-03-02 00:29:22,367:INFO: co-RMS-loss: 212.21
2021-03-02 00:29:22,369:INFO: co-RMS-loss: 210.64
2021-03-02 00:29:22,370:INFO: co-RMS-loss: 209.13
2021-03-02 00:29:22,372:INFO: co-RMS-loss: 207.69
2021-03-02 00:29:22,374:INFO: co-RMS-loss: 206.30
2021-03-02 00:29:22,376:INFO: co-RMS-loss: 204.96
2021-03-02 00:29:22,377:INFO: co-RMS-loss: 203.68
2021-03-02 00:29:22,379:INFO: co-RMS-loss: 202.45
2021-03-02 00:29:22,381:INFO: co-RMS-loss: 201.27
2021-03-02 00:29:22,383:INFO: co-RMS-loss: 200.13
2021-03-02 00:29:22,384:INFO: co-RMS-loss: 199.04
2021-03-02 00:29:22,386:INFO: co-RMS-loss: 197.99
2021-03-02 00:29:22,388:INFO: co-RMS-loss: 196.99
2021-03-02 00:29:22,390:INFO: co-RMS-loss: 196.02
2021-03-02 00:29:22,392:INFO: co-RMS-loss: 195.09
2021-03-02 00:29:22,394:INFO: co-RMS-loss: 194.20
2021-03-02 00:29:22,396:INFO: co-RMS-loss: 193.34
2021-03-02 00:29:22,397:INFO: co-RMS-loss: 192.52
2021-03-02 00:29:22,399:INFO: co-RMS-loss: 191.73
2021-03-02 00:29:42,747:INFO: Loading the datasets...
2021-03-02 00:29:42,747:INFO: model...
2021-03-02 00:29:42,749:INFO: Starting training for 20 epoch(s)
2021-03-02 00:29:42,753:INFO: co-RMS-loss: 1217.86
2021-03-02 00:29:42,758:INFO: co-RMS-loss: 1176.08
2021-03-02 00:29:42,761:INFO: co-RMS-loss: 1136.25
2021-03-02 00:29:42,764:INFO: co-RMS-loss: 1098.00
2021-03-02 00:29:42,769:INFO: co-RMS-loss: 1061.29
2021-03-02 00:29:42,775:INFO: co-RMS-loss: 1026.03
2021-03-02 00:29:42,779:INFO: co-RMS-loss: 992.18
2021-03-02 00:29:42,784:INFO: co-RMS-loss: 959.68
2021-03-02 00:29:42,789:INFO: co-RMS-loss: 928.47
2021-03-02 00:29:42,794:INFO: co-RMS-loss: 898.50
2021-03-02 00:29:42,797:INFO: co-RMS-loss: 869.72
2021-03-02 00:29:42,801:INFO: co-RMS-loss: 842.08
2021-03-02 00:29:42,807:INFO: co-RMS-loss: 815.55
2021-03-02 00:29:42,812:INFO: co-RMS-loss: 790.06
2021-03-02 00:29:42,816:INFO: co-RMS-loss: 765.59
2021-03-02 00:29:42,822:INFO: co-RMS-loss: 742.09
2021-03-02 00:29:42,827:INFO: co-RMS-loss: 719.52
2021-03-02 00:29:42,830:INFO: co-RMS-loss: 697.85
2021-03-02 00:29:42,835:INFO: co-RMS-loss: 677.04
2021-03-02 00:29:42,840:INFO: co-RMS-loss: 657.05
